


Using shader api: shaderapiempty.dll
materialPath: Z:\steam\steamapps\common\Portal 2\portal2\materials
Loading z:\steam\steamapps\common\portal 2\sdk_content\maps\instances\monitors\wheatley_bigscreen.vmf
ConVarRef gpu_level doesn't point to an existing ConVar
fixing up env_cubemap materials on brush sides...
0...1...2...3...4...5...6...7...8...9...10
FindPortalSide: Couldn't find a good match for which brush to assign to a portal near (32.0 0.0 0.0)
Leaf 0 contents: CONTENTS_SOLID 
Leaf 1 contents: 
viscontents (node 0 contents ^ node 1 contents): CONTENTS_SOLID 
This means that none of the brushes in leaf 0 or 1 that touches the portal has CONTENTS_SOLID 
Check for a huge brush enclosing the coordinates above that has contents CONTENTS_SOLID 
Candidate brush IDs: 


FindPortalSide: Couldn't find a good match for which brush to assign to a portal near (-32.0 0.0 0.0)
Leaf 0 contents: CONTENTS_SOLID 
Leaf 1 contents: 
viscontents (node 0 contents ^ node 1 contents): CONTENTS_SOLID 
This means that none of the brushes in leaf 0 or 1 that touches the portal has CONTENTS_SOLID 
Check for a huge brush enclosing the coordinates above that has contents CONTENTS_SOLID 
Candidate brush IDs: 

0...1...2...3...4...5...6...7...8...9...10
FindPortalSide: Couldn't find a good match for which brush to assign to a portal near (32.0 0.0 0.0)
Leaf 0 contents: CONTENTS_SOLID 
Leaf 1 contents: 
viscontents (node 0 contents ^ node 1 contents): CONTENTS_SOLID 
This means that none of the brushes in leaf 0 or 1 that touches the portal has CONTENTS_SOLID 
Check for a huge brush enclosing the coordinates above that has contents CONTENTS_SOLID 
Candidate brush IDs: 


FindPortalSide: Couldn't find a good match for which brush to assign to a portal near (-32.0 0.0 0.0)
Leaf 0 contents: CONTENTS_SOLID 
Leaf 1 contents: 
viscontents (node 0 contents ^ node 1 contents): CONTENTS_SOLID 
This means that none of the brushes in leaf 0 or 1 that touches the portal has CONTENTS_SOLID 
Check for a huge brush enclosing the coordinates above that has contents CONTENTS_SOLID 
Candidate brush IDs: 

Processing areas...done (0)
Building Faces...done (0)
FixTjuncs...
PruneNodes...
WriteBSP...
done (0)
writing z:\steam\steamapps\common\portal 2\sdk_content\maps\instances\monitors\wheatley_bigscreen.prt...Building visibility clusters...
done (0)
Finding displacement neighbors...
Finding lightmap sample positions...
Displacement Alpha : 0...1...2...3...4...5...6...7...8...9...10
Building Physics collision data...
done (0) (5296 bytes)
Placing detail props : 0...1...2...3...4...5...6...7...8...9...10
Compacting texture/material tables...
Reduced 43 texinfos to 16
Reduced 8 texdatas to 7 (212 bytes to 184)
Writing z:\steam\steamapps\common\portal 2\sdk_content\maps\instances\monitors\wheatley_bigscreen.bsp

nummapplanes:     (   118 / 65536 )
nummapbrushes:    (    11 /  8192 )
nummapbrushsides: (    70 / 65536 )
num_map_overlays: (     0 /   512 )
nummodels:        (     7 /  1024 )
num_entities:     (    22 / 16384 )

0 seconds elapsed



6 threads
reading z:\steam\steamapps\common\portal 2\sdk_content\maps\instances\monitors\wheatley_bigscreen.bsp
reading z:\steam\steamapps\common\portal 2\sdk_content\maps\instances\monitors\wheatley_bigscreen.prt
   2 portalclusters
   1 numportals
0...1...2...3...4...5...6...7...8...9...100...1...2...3...4...5...6...7...8...9...10Optimized: 0 visible clusters (0.00%)
Total clusters visible: 4
Average clusters visible: 2
Building PAS...
Average clusters audible: 2
visdatasize:24  compressed from 32
writing z:\steam\steamapps\common\portal 2\sdk_content\maps\instances\monitors\wheatley_bigscreen.bsp
0 seconds elapsed



[Reading texlights from 'lights.rad']
[59 texlights parsed from 'lights.rad']

Loading z:\steam\steamapps\common\portal 2\sdk_content\maps\instances\monitors\wheatley_bigscreen.bsp
25 faces
2438 square feet [351120.00 square inches]
0 Displacements
0 Square Feet [0.00 Square Inches]
25 patches before subdivision
449 patches after subdivision
1 direct lights
0...1...2...3...4...5...6...7...8...9...100...1...2...3...4...5...6...7...8...9...10transfers 4992, max 74
transfer lists:   0.0 megs
0...1...2...3...4...5...6...7...8...9...10	Bounce #1 added RGB(33, 42, 48)
0...1...2...3...4...5...6...7...8...9...10	Bounce #2 added RGB(6, 8, 9)
0...1...2...3...4...5...6...7...8...9...10	Bounce #3 added RGB(1, 2, 2)
0...1...2...3...4...5...6...7...8...9...10	Bounce #4 added RGB(0, 0, 0)
Build Patch/Sample Hash Table(s).....Done<0.0001 sec>
0...1...2...3...4...5...6...7...8...9...10FinalLightFace Done
0 of 0 (0% of) surface lights went in leaf ambient cubes.
0...1...2...3...4...5...6...7...8...9...10Writing leaf ambient...done
Ready to Finish

Object names       Objects/Maxobjs  Memory / Maxmem  Fullness 
------------       ---------------  ---------------  -------- 
models                   7/1024          336/49152    ( 0.7%) 
brushes                 11/8192          132/98304    ( 0.1%) 
brushsides              70/65536         560/524288   ( 0.1%) 
planes                 118/65536        2360/1310720  ( 0.2%) 
vertexes                65/65536         780/786432   ( 0.1%) 
nodes                   50/65536        1600/2097152  ( 0.1%) 
texinfos                16/12288        1152/884736   ( 0.1%) 
texdata                  7/2048          224/65536    ( 0.3%) 
dispinfos                0/0               0/0        ( 0.0%) 
disp_verts               0/0               0/0        ( 0.0%) 
disp_tris                0/0               0/0        ( 0.0%) 
disp_multiblend          0/0               0/0        ( 0.0%) 
disp_lmsamples           0/0               0/0        ( 0.0%) 
faces                   25/65536        1400/3670016  ( 0.0%) 
hdr faces                0/65536           0/3670016  ( 0.0%) 
origfaces               22/65536        1232/3670016  ( 0.0%) 
facebrushes              0/0               0/0        ( 0.0%) 
facebrushlists          25/0             100/0        ( 0.0%) 
leaves                  58/65536        1856/2097152  ( 0.1%) 
leaffaces               25/65536          50/131072   ( 0.0%) 
leafbrushes             14/65536          28/131072   ( 0.0%) 
areas                    2/256            16/2048     ( 0.8%) 
surfedges              188/512000        752/2048000  ( 0.0%) 
edges                  120/256000        480/1024000  ( 0.0%) 
LDR worldlights          1/8192          100/819200   ( 0.0%) 
HDR worldlights          0/8192            0/819200   ( 0.0%) 
leafwaterdata            0/32768           0/393216   ( 0.0%) 
waterstrips              0/32768           0/327680   ( 0.0%) 
waterverts               0/65536           0/786432   ( 0.0%) 
waterindices             0/65536           0/131072   ( 0.0%) 
cubemapsamples           0/1024            0/16384    ( 0.0%) 
overlays                 0/512             0/180224   ( 0.0%) 
LDR lightdata         [variable]       11976/0        ( 0.0%) 
HDR lightdata         [variable]           0/0        ( 0.0%) 
visdata               [variable]          24/16777216 ( 0.0%) 
entdata               [variable]        7455/393216   ( 1.9%) 
LDR ambient table       58/65536         232/262144   ( 0.1%) 
HDR ambient table       58/65536         232/262144   ( 0.1%) 
LDR leaf ambient       211/65536        5908/1835008  ( 0.3%) 
HDR leaf ambient        58/65536        1624/1835008  ( 0.1%) 
occluders                0/0               0/0        ( 0.0%) 
occluder polygons        0/0               0/0        ( 0.0%) 
occluder vert ind        0/0               0/0        ( 0.0%) 
detail props          [variable]           1/12       ( 8.3%) 
static props          [variable]           1/216      ( 0.5%) 
pakfile               [variable]       74470/0        ( 0.0%) 
physics               [variable]        5296/4194304  ( 0.1%) 
physics terrain       [variable]           2/1048576  ( 0.0%) 

Level flags = 0

Total triangle count: 50
Writing z:\steam\steamapps\common\portal 2\sdk_content\maps\instances\monitors\wheatley_bigscreen.bsp
0 seconds elapsed
