PRT1
266
550
4 0 2 (4736 9216 64 ) (4736 9216 3904 ) (4096 9216 3904 ) (4096 9216 64 ) 
4 0 1 (4096 9216 64 ) (4096 9216 3904 ) (4096 9280 3904 ) (4096 9280 64 ) 
4 1 6 (3072 9216 64 ) (3072 9216 3904 ) (3072 9280 3904 ) (3072 9280 64 ) 
4 1 3 (4096 9216 64 ) (4096 9216 3904 ) (3072 9216 3904 ) (3072 9216 64 ) 
4 2 4 (4736 8192 64 ) (4736 8192 3904 ) (4096 8192 3904 ) (4096 8192 64 ) 
4 2 3 (4096 9216 3904 ) (4096 9216 64 ) (4096 8192 64 ) (4096 8192 3904 ) 
4 3 10 (3072 8192 64 ) (3072 8192 3904 ) (3072 9216 3904 ) (3072 9216 64 ) 
4 3 5 (4096 8192 64 ) (4096 8192 3904 ) (3072 8192 3904 ) (3072 8192 64 ) 
4 4 18 (4736 7168 64 ) (4736 7168 3904 ) (4096 7168 3904 ) (4096 7168 64 ) 
4 4 5 (4096 8192 3904 ) (4096 8192 64 ) (4096 7168 64 ) (4096 7168 3904 ) 
4 5 19 (4096 7168 64 ) (4096 7168 3904 ) (3072 7168 3904 ) (3072 7168 64 ) 
4 5 12 (3072 7168 64 ) (3072 7168 3904 ) (3072 8192 3904 ) (3072 8192 64 ) 
4 6 10 (3072 9216 64 ) (3072 9216 3904 ) (2048 9216 3904 ) (2048 9216 64 ) 
4 6 7 (2048 9216 64 ) (2048 9216 3904 ) (2048 9280 3904 ) (2048 9280 64 ) 
4 7 11 (2048 9216 64 ) (2048 9216 3904 ) (1024 9216 3904 ) (1024 9216 64 ) 
4 7 8 (1024 9216 64 ) (1024 9216 3904 ) (1024 9280 3904 ) (1024 9280 64 ) 
4 8 14 (1024 9216 64 ) (1024 9216 3904 ) (0 9216 3904 ) (0 9216 64 ) 
4 8 9 (0 9216 64 ) (0 9216 3904 ) (0 9280 3904 ) (0 9280 64 ) 
4 9 62 (-1024 9216 64 ) (-1024 9216 3904 ) (-1024 9280 3904 ) (-1024 9280 64 ) 
4 9 15 (0 9216 64 ) (0 9216 3904 ) (-1024 9216 3904 ) (-1024 9216 64 ) 
4 10 12 (3072 8192 64 ) (3072 8192 3904 ) (2048 8192 3904 ) (2048 8192 64 ) 
4 10 11 (2048 9216 3904 ) (2048 9216 64 ) (2048 8192 64 ) (2048 8192 3904 ) 
4 11 14 (1024 9216 3904 ) (1024 9216 64 ) (1024 8192 64 ) (1024 8192 3904 ) 
4 11 13 (2048 8192 64 ) (2048 8192 3904 ) (1024 8192 3904 ) (1024 8192 64 ) 
4 12 27 (3072 7168 64 ) (3072 7168 3904 ) (2048 7168 3904 ) (2048 7168 64 ) 
4 12 13 (2048 8192 3904 ) (2048 8192 64 ) (2048 7168 64 ) (2048 7168 3904 ) 
4 13 28 (2048 7168 64 ) (2048 7168 3904 ) (1024 7168 3904 ) (1024 7168 64 ) 
4 13 16 (1024 7168 64 ) (1024 7168 3904 ) (1024 8192 3904 ) (1024 8192 64 ) 
4 14 16 (1024 8192 64 ) (1024 8192 3904 ) (0 8192 3904 ) (0 8192 64 ) 
4 14 15 (0 9216 3904 ) (0 9216 64 ) (0 8192 64 ) (0 8192 3904 ) 
4 15 66 (-1024 8192 64 ) (-1024 8192 3904 ) (-1024 9216 3904 ) (-1024 9216 64 ) 
4 15 17 (0 8192 64 ) (0 8192 3904 ) (-1024 8192 3904 ) (-1024 8192 64 ) 
4 16 31 (1024 7168 64 ) (1024 7168 3904 ) (0 7168 3904 ) (0 7168 64 ) 
4 16 17 (0 8192 3904 ) (0 8192 64 ) (0 7168 64 ) (0 7168 3904 ) 
4 17 68 (-1024 7168 64 ) (-1024 7168 3904 ) (-1024 8192 3904 ) (-1024 8192 64 ) 
4 17 32 (0 7168 64 ) (0 7168 3904 ) (-1024 7168 3904 ) (-1024 7168 64 ) 
4 18 20 (4736 6144 64 ) (4736 6144 3904 ) (4096 6144 3904 ) (4096 6144 64 ) 
4 18 19 (4096 7168 3904 ) (4096 7168 64 ) (4096 6144 64 ) (4096 6144 3904 ) 
4 19 27 (3072 7168 3904 ) (3072 7168 64 ) (3072 6144 64 ) (3072 6144 3904 ) 
4 19 22 (4096 6144 64 ) (4096 6144 3904 ) (3072 6144 3904 ) (3072 6144 64 ) 
4 20 22 (4096 6144 3904 ) (4096 6144 64 ) (4096 5184 64 ) (4096 5184 3904 ) 
4 20 21 (4736 5184 64 ) (4736 5184 3904 ) (4096 5184 3904 ) (4096 5184 64 ) 
4 21 23 (4736 5120 64 ) (4736 5120 3904 ) (4096 5120 3904 ) (4096 5120 64 ) 
4 21 22 (4096 5120 64 ) (4096 5120 3904 ) (4096 5184 3904 ) (4096 5184 64 ) 
4 22 29 (3072 5120 64 ) (3072 5120 3904 ) (3072 6144 3904 ) (3072 6144 64 ) 
4 22 24 (4096 5120 64 ) (4096 5120 3904 ) (3072 5120 3904 ) (3072 5120 64 ) 
4 23 25 (4736 4096 64 ) (4736 4096 3904 ) (4096 4096 3904 ) (4096 4096 64 ) 
4 23 24 (4096 5120 3904 ) (4096 5120 64 ) (4096 4096 64 ) (4096 4096 3904 ) 
4 24 42 (3072 4096 64 ) (3072 4096 3904 ) (3072 5120 3904 ) (3072 5120 64 ) 
4 24 26 (4096 4096 64 ) (4096 4096 3904 ) (3072 4096 3904 ) (3072 4096 64 ) 
4 25 128 (4736 3072 64 ) (4736 3072 3904 ) (4096 3072 3904 ) (4096 3072 64 ) 
4 25 26 (4096 4096 3904 ) (4096 4096 64 ) (4096 3072 64 ) (4096 3072 3904 ) 
4 26 129 (4096 3072 64 ) (4096 3072 3904 ) (3072 3072 3904 ) (3072 3072 64 ) 
4 26 44 (3072 3072 64 ) (3072 3072 3904 ) (3072 4096 3904 ) (3072 4096 64 ) 
4 27 29 (3072 6144 64 ) (3072 6144 3904 ) (2048 6144 3904 ) (2048 6144 64 ) 
4 27 28 (2048 7168 3904 ) (2048 7168 64 ) (2048 6144 64 ) (2048 6144 3904 ) 
4 28 31 (1024 7168 3904 ) (1024 7168 64 ) (1024 6144 64 ) (1024 6144 3904 ) 
4 28 30 (2048 6144 64 ) (2048 6144 3904 ) (1024 6144 3904 ) (1024 6144 64 ) 
4 29 42 (3072 5120 64 ) (3072 5120 3904 ) (2048 5120 3904 ) (2048 5120 64 ) 
4 29 30 (2048 6144 3904 ) (2048 6144 64 ) (2048 5120 64 ) (2048 5120 3904 ) 
4 30 43 (2048 5120 64 ) (2048 5120 3904 ) (1024 5120 3904 ) (1024 5120 64 ) 
4 30 36 (1024 5120 64 ) (1024 5120 768 ) (1024 6144 768 ) (1024 6144 64 ) 
4 30 34 (1024 5120 768 ) (1024 5120 832 ) (1024 6144 832 ) (1024 6144 768 ) 
4 30 33 (1024 5120 832 ) (1024 5120 3904 ) (1024 6144 3904 ) (1024 6144 832 ) 
4 31 38 (192 6144 768 ) (0 6144 768 ) (0 6144 64 ) (192 6144 64 ) 
4 31 37 (256 6144 768 ) (192 6144 768 ) (192 6144 64 ) (256 6144 64 ) 
4 31 36 (1024 6144 64 ) (1024 6144 768 ) (256 6144 768 ) (256 6144 64 ) 
4 31 35 (256 6144 832 ) (0 6144 832 ) (0 6144 768 ) (256 6144 768 ) 
4 31 34 (1024 6144 768 ) (1024 6144 832 ) (256 6144 832 ) (256 6144 768 ) 
4 31 33 (1024 6144 832 ) (1024 6144 3904 ) (0 6144 3904 ) (0 6144 832 ) 
4 31 32 (0 7168 3904 ) (0 7168 64 ) (0 6144 64 ) (0 6144 3904 ) 
4 32 83 (-1024 6144 64 ) (-1024 6144 3904 ) (-1024 7168 3904 ) (-1024 7168 64 ) 
4 32 39 (0 6144 64 ) (0 6144 3904 ) (-1024 6144 3904 ) (-1024 6144 64 ) 
4 33 46 (1024 5120 832 ) (1024 5120 3904 ) (0 5120 3904 ) (0 5120 832 ) 
4 33 40 (0 5184 832 ) (0 5120 832 ) (0 5120 3904 ) (0 5184 3904 ) 
4 33 39 (0 6144 3904 ) (0 6144 832 ) (0 5184 832 ) (0 5184 3904 ) 
4 33 35 (0 6144 832 ) (256 6144 832 ) (256 5184 832 ) (0 5184 832 ) 
4 33 34 (256 6144 832 ) (1024 6144 832 ) (1024 5120 832 ) (256 5120 832 ) 
4 34 47 (1024 5120 768 ) (1024 5120 832 ) (256 5120 832 ) (256 5120 768 ) 
4 34 36 (1024 5120 768 ) (256 5120 768 ) (256 6144 768 ) (1024 6144 768 ) 
4 34 35 (256 6144 768 ) (256 5184 768 ) (256 5184 832 ) (256 6144 832 ) 
4 35 39 (0 6144 832 ) (0 6144 768 ) (0 5184 768 ) (0 5184 832 ) 
4 35 38 (0 5184 768 ) (0 6144 768 ) (192 6144 768 ) (192 5184 768 ) 
4 35 37 (192 6144 768 ) (256 6144 768 ) (256 5184 768 ) (192 5184 768 ) 
4 36 48 (1024 5120 64 ) (1024 5120 768 ) (256 5120 768 ) (256 5120 64 ) 
4 36 37 (256 6144 64 ) (256 5184 64 ) (256 5184 768 ) (256 6144 768 ) 
4 37 38 (192 6144 64 ) (192 5184 64 ) (192 5184 768 ) (192 6144 768 ) 
4 38 39 (0 6144 768 ) (0 6144 64 ) (0 5184 64 ) (0 5184 768 ) 
4 39 85 (-1024 5184 64 ) (-1024 5184 3904 ) (-1024 6144 3904 ) (-1024 6144 64 ) 
4 39 40 (0 5184 832 ) (0 5184 3904 ) (-1024 5184 3904 ) (-1024 5184 832 ) 
4 40 86 (-1024 5120 832 ) (-1024 5120 3904 ) (-1024 5184 3904 ) (-1024 5184 832 ) 
4 40 51 (0 5120 832 ) (0 5120 3904 ) (-1024 5120 3904 ) (-1024 5120 832 ) 
4 41 87 (-1024 5120 -384 ) (-1024 5120 64 ) (-1024 5184 64 ) (-1024 5184 -384 ) 
4 41 55 (-832 5120 -384 ) (-832 5120 11 ) (-1024 5120 11 ) (-1024 5120 -384 ) 
4 41 54 (-832 5120 11 ) (-832 5120 64 ) (-1024 5120 64 ) (-1024 5120 11 ) 
4 42 44 (3072 4096 64 ) (3072 4096 3904 ) (2048 4096 3904 ) (2048 4096 64 ) 
4 42 43 (2048 5120 3904 ) (2048 5120 64 ) (2048 4096 64 ) (2048 4096 3904 ) 
4 43 48 (1024 5120 768 ) (1024 5120 64 ) (1024 4096 64 ) (1024 4096 768 ) 
4 43 47 (1024 5120 832 ) (1024 5120 768 ) (1024 4096 768 ) (1024 4096 832 ) 
4 43 46 (1024 5120 3904 ) (1024 5120 832 ) (1024 4096 832 ) (1024 4096 3904 ) 
4 43 45 (2048 4096 64 ) (2048 4096 3904 ) (1024 4096 3904 ) (1024 4096 64 ) 
4 44 136 (3072 3072 64 ) (3072 3072 3904 ) (2048 3072 3904 ) (2048 3072 64 ) 
4 44 45 (2048 4096 3904 ) (2048 4096 64 ) (2048 3072 64 ) (2048 3072 3904 ) 
4 45 137 (2048 3072 64 ) (2048 3072 3904 ) (1024 3072 3904 ) (1024 3072 64 ) 
4 45 58 (1024 3072 64 ) (1024 3072 768 ) (1024 4096 768 ) (1024 4096 64 ) 
4 45 57 (1024 3072 768 ) (1024 3072 832 ) (1024 4096 832 ) (1024 4096 768 ) 
4 45 56 (1024 3072 832 ) (1024 3072 3904 ) (1024 4096 3904 ) (1024 4096 832 ) 
4 46 56 (1024 4096 832 ) (1024 4096 3904 ) (0 4096 3904 ) (0 4096 832 ) 
4 46 51 (0 5120 3904 ) (0 5120 832 ) (0 4096 832 ) (0 4096 3904 ) 
4 46 47 (1024 4096 832 ) (256 4096 832 ) (256 5120 832 ) (1024 5120 832 ) 
4 47 57 (1024 4096 768 ) (1024 4096 832 ) (256 4096 832 ) (256 4096 768 ) 
4 47 48 (256 5120 768 ) (1024 5120 768 ) (1024 4096 768 ) (256 4096 768 ) 
4 48 58 (1024 4096 64 ) (1024 4096 768 ) (256 4096 768 ) (256 4096 64 ) 
4 49 53 (0 5120 75 ) (0 5120 64 ) (0 4800 64 ) (0 4800 75 ) 
4 49 52 (0 5120 768 ) (0 5120 75 ) (0 4800 75 ) (0 4800 768 ) 
4 49 50 (192 4800 75 ) (192 4800 768 ) (0 4800 768 ) (0 4800 75 ) 
4 50 59 (192 4096 768 ) (0 4096 768 ) (0 4096 75 ) (192 4096 75 ) 
4 50 52 (0 4096 75 ) (0 4096 768 ) (0 4800 768 ) (0 4800 75 ) 
4 51 98 (-1024 4096 832 ) (-1024 4096 3904 ) (-1024 5120 3904 ) (-1024 5120 832 ) 
4 51 60 (0 4096 832 ) (0 4096 3904 ) (-1024 4096 3904 ) (-1024 4096 832 ) 
4 52 99 (-1024 4096 75 ) (-1024 4096 768 ) (-1024 5120 768 ) (-1024 5120 75 ) 
4 52 61 (0 4096 75 ) (0 4096 768 ) (-1024 4096 768 ) (-1024 4096 75 ) 
4 52 54 (-1024 4800 75 ) (-1024 5120 75 ) (-832 5120 75 ) (-832 4800 75 ) 
4 52 53 (-832 4800 75 ) (-832 5120 75 ) (0 5120 75 ) (0 4800 75 ) 
4 53 54 (-832 4800 75 ) (-832 5120 75 ) (-832 5120 64 ) (-832 4800 64 ) 
4 54 100 (-1024 4800 75 ) (-1024 5120 75 ) (-1024 5120 11 ) (-1024 4800 11 ) 
4 54 55 (-1024 4800 11 ) (-1024 5120 11 ) (-832 5120 11 ) (-832 4800 11 ) 
4 55 101 (-1024 4736 -384 ) (-1024 4736 11 ) (-1024 5120 11 ) (-1024 5120 -384 ) 
4 56 140 (1024 3072 832 ) (1024 3072 3904 ) (0 3072 3904 ) (0 3072 832 ) 
4 56 60 (0 4096 3904 ) (0 4096 832 ) (0 3072 832 ) (0 3072 3904 ) 
4 56 57 (256 4096 832 ) (1024 4096 832 ) (1024 3072 832 ) (256 3072 832 ) 
4 57 141 (1024 3072 768 ) (1024 3072 832 ) (256 3072 832 ) (256 3072 768 ) 
4 57 58 (1024 3072 768 ) (256 3072 768 ) (256 4096 768 ) (1024 4096 768 ) 
4 58 142 (1024 3072 64 ) (1024 3072 768 ) (256 3072 768 ) (256 3072 64 ) 
4 59 143 (192 3072 768 ) (0 3072 768 ) (0 3072 75 ) (192 3072 75 ) 
4 59 61 (0 4096 768 ) (0 4096 75 ) (0 3072 75 ) (0 3072 768 ) 
4 60 144 (0 3072 832 ) (0 3072 3904 ) (-1024 3072 3904 ) (-1024 3072 832 ) 
4 60 106 (-1024 3072 832 ) (-1024 3072 3904 ) (-1024 4096 3904 ) (-1024 4096 832 ) 
4 61 145 (0 3072 75 ) (0 3072 768 ) (-1024 3072 768 ) (-1024 3072 75 ) 
4 61 107 (-1024 3072 75 ) (-1024 3072 768 ) (-1024 4096 768 ) (-1024 4096 75 ) 
4 62 66 (-1024 9216 64 ) (-1024 9216 3904 ) (-2048 9216 3904 ) (-2048 9216 64 ) 
4 62 63 (-2048 9216 64 ) (-2048 9216 3904 ) (-2048 9280 3904 ) (-2048 9280 64 ) 
4 63 67 (-2048 9216 64 ) (-2048 9216 3904 ) (-3072 9216 3904 ) (-3072 9216 64 ) 
4 63 64 (-3072 9216 64 ) (-3072 9216 3904 ) (-3072 9280 3904 ) (-3072 9280 64 ) 
4 64 70 (-3072 9216 64 ) (-3072 9216 3904 ) (-4096 9216 3904 ) (-4096 9216 64 ) 
4 64 65 (-4096 9216 64 ) (-4096 9216 3904 ) (-4096 9280 3904 ) (-4096 9280 64 ) 
4 65 74 (-5120 9216 64 ) (-5120 9216 3904 ) (-5120 9280 3904 ) (-5120 9280 64 ) 
4 65 71 (-4096 9216 64 ) (-4096 9216 3904 ) (-5120 9216 3904 ) (-5120 9216 64 ) 
4 66 68 (-1024 8192 64 ) (-1024 8192 3904 ) (-2048 8192 3904 ) (-2048 8192 64 ) 
4 66 67 (-2048 9216 3904 ) (-2048 9216 64 ) (-2048 8192 64 ) (-2048 8192 3904 ) 
4 67 70 (-3072 9216 3904 ) (-3072 9216 64 ) (-3072 8192 64 ) (-3072 8192 3904 ) 
4 67 69 (-2048 8192 64 ) (-2048 8192 3904 ) (-3072 8192 3904 ) (-3072 8192 64 ) 
4 68 83 (-1024 7168 64 ) (-1024 7168 3904 ) (-2048 7168 3904 ) (-2048 7168 64 ) 
4 68 69 (-2048 8192 3904 ) (-2048 8192 64 ) (-2048 7168 64 ) (-2048 7168 3904 ) 
4 69 84 (-2048 7168 64 ) (-2048 7168 3904 ) (-3072 7168 3904 ) (-3072 7168 64 ) 
4 69 72 (-3072 7168 64 ) (-3072 7168 3904 ) (-3072 8192 3904 ) (-3072 8192 64 ) 
4 70 72 (-3072 8192 64 ) (-3072 8192 3904 ) (-4096 8192 3904 ) (-4096 8192 64 ) 
4 70 71 (-4096 9216 3904 ) (-4096 9216 64 ) (-4096 8192 64 ) (-4096 8192 3904 ) 
4 71 77 (-5120 8192 64 ) (-5120 8192 3904 ) (-5120 9216 3904 ) (-5120 9216 64 ) 
4 71 73 (-4096 8192 64 ) (-4096 8192 3904 ) (-5120 8192 3904 ) (-5120 8192 64 ) 
4 72 94 (-3072 7168 64 ) (-3072 7168 3904 ) (-4096 7168 3904 ) (-4096 7168 64 ) 
4 72 73 (-4096 8192 3904 ) (-4096 8192 64 ) (-4096 7168 64 ) (-4096 7168 3904 ) 
4 73 95 (-4096 7168 64 ) (-4096 7168 3904 ) (-5120 7168 3904 ) (-5120 7168 64 ) 
4 73 79 (-5120 7168 64 ) (-5120 7168 3904 ) (-5120 8192 3904 ) (-5120 8192 64 ) 
4 74 77 (-5120 9216 64 ) (-5120 9216 3904 ) (-6144 9216 3904 ) (-6144 9216 64 ) 
4 74 75 (-6144 9216 64 ) (-6144 9216 3904 ) (-6144 9280 3904 ) (-6144 9280 64 ) 
4 75 78 (-6144 9216 64 ) (-6144 9216 3904 ) (-7168 9216 3904 ) (-7168 9216 64 ) 
4 75 76 (-7168 9216 64 ) (-7168 9216 3904 ) (-7168 9280 3904 ) (-7168 9280 64 ) 
4 76 81 (-7168 9216 64 ) (-7168 9216 3904 ) (-7360 9216 3904 ) (-7360 9216 64 ) 
4 77 79 (-5120 8192 64 ) (-5120 8192 3904 ) (-6144 8192 3904 ) (-6144 8192 64 ) 
4 77 78 (-6144 9216 3904 ) (-6144 9216 64 ) (-6144 8192 64 ) (-6144 8192 3904 ) 
4 78 81 (-7168 9216 3904 ) (-7168 9216 64 ) (-7168 8192 64 ) (-7168 8192 3904 ) 
4 78 80 (-6144 8192 64 ) (-6144 8192 3904 ) (-7168 8192 3904 ) (-7168 8192 64 ) 
4 79 116 (-5120 7168 64 ) (-5120 7168 3904 ) (-6144 7168 3904 ) (-6144 7168 64 ) 
4 79 80 (-6144 8192 3904 ) (-6144 8192 64 ) (-6144 7168 64 ) (-6144 7168 3904 ) 
4 80 117 (-6144 7168 64 ) (-6144 7168 3904 ) (-7168 7168 3904 ) (-7168 7168 64 ) 
4 80 82 (-7168 7168 64 ) (-7168 7168 3904 ) (-7168 8192 3904 ) (-7168 8192 64 ) 
4 81 82 (-7168 8192 64 ) (-7168 8192 3904 ) (-7360 8192 3904 ) (-7360 8192 64 ) 
4 82 120 (-7168 7168 64 ) (-7168 7168 3904 ) (-7360 7168 3904 ) (-7360 7168 64 ) 
4 83 85 (-1024 6144 64 ) (-1024 6144 3904 ) (-2048 6144 3904 ) (-2048 6144 64 ) 
4 83 84 (-2048 7168 3904 ) (-2048 7168 64 ) (-2048 6144 64 ) (-2048 6144 3904 ) 
4 84 94 (-3072 7168 3904 ) (-3072 7168 64 ) (-3072 6144 64 ) (-3072 6144 3904 ) 
4 84 92 (-2368 6144 768 ) (-2432 6144 768 ) (-2432 6144 64 ) (-2368 6144 64 ) 
4 84 93 (-2432 6144 768 ) (-3072 6144 768 ) (-3072 6144 64 ) (-2432 6144 64 ) 
4 84 91 (-2048 6144 64 ) (-2048 6144 768 ) (-2368 6144 768 ) (-2368 6144 64 ) 
4 84 89 (-2048 6144 768 ) (-2048 6144 832 ) (-2432 6144 832 ) (-2432 6144 768 ) 
4 84 90 (-2432 6144 832 ) (-3072 6144 832 ) (-3072 6144 768 ) (-2432 6144 768 ) 
4 84 88 (-2048 6144 832 ) (-2048 6144 3904 ) (-3072 6144 3904 ) (-3072 6144 832 ) 
4 85 91 (-2048 6144 768 ) (-2048 6144 64 ) (-2048 5184 64 ) (-2048 5184 768 ) 
4 85 89 (-2048 6144 832 ) (-2048 6144 768 ) (-2048 5184 768 ) (-2048 5184 832 ) 
4 85 88 (-2048 6144 3904 ) (-2048 6144 832 ) (-2048 5184 832 ) (-2048 5184 3904 ) 
4 85 86 (-1024 5184 832 ) (-1024 5184 3904 ) (-2048 5184 3904 ) (-2048 5184 832 ) 
4 86 98 (-1024 5120 832 ) (-1024 5120 3904 ) (-2048 5120 3904 ) (-2048 5120 832 ) 
4 86 88 (-2048 5120 832 ) (-2048 5120 3904 ) (-2048 5184 3904 ) (-2048 5184 832 ) 
4 87 101 (-1024 5120 -384 ) (-1024 5120 11 ) (-1344 5120 11 ) (-1344 5120 -384 ) 
4 87 100 (-1024 5120 11 ) (-1024 5120 64 ) (-1344 5120 64 ) (-1344 5120 11 ) 
4 88 102 (-2048 5120 832 ) (-2048 5120 3904 ) (-3072 5120 3904 ) (-3072 5120 832 ) 
4 88 96 (-3072 5120 832 ) (-3072 5120 3904 ) (-3072 6144 3904 ) (-3072 6144 832 ) 
4 88 89 (-2048 6144 832 ) (-2048 5184 832 ) (-2432 5184 832 ) (-2432 6144 832 ) 
4 88 90 (-2432 5120 832 ) (-3072 5120 832 ) (-3072 6144 832 ) (-2432 6144 832 ) 
4 89 92 (-2432 5184 768 ) (-2432 6144 768 ) (-2368 6144 768 ) (-2368 5184 768 ) 
4 89 91 (-2368 6144 768 ) (-2048 6144 768 ) (-2048 5184 768 ) (-2368 5184 768 ) 
4 89 90 (-2432 6144 768 ) (-2432 5184 768 ) (-2432 5184 832 ) (-2432 6144 832 ) 
4 90 103 (-2432 5120 832 ) (-3072 5120 832 ) (-3072 5120 768 ) (-2432 5120 768 ) 
4 90 96 (-3072 5120 768 ) (-3072 5120 832 ) (-3072 6144 832 ) (-3072 6144 768 ) 
4 90 93 (-2432 5120 768 ) (-3072 5120 768 ) (-3072 6144 768 ) (-2432 6144 768 ) 
4 91 92 (-2368 6144 64 ) (-2368 5184 64 ) (-2368 5184 768 ) (-2368 6144 768 ) 
4 92 93 (-2432 6144 64 ) (-2432 5184 64 ) (-2432 5184 768 ) (-2432 6144 768 ) 
4 93 105 (-2432 5120 768 ) (-3072 5120 768 ) (-3072 5120 64 ) (-2432 5120 64 ) 
4 93 96 (-3072 5120 64 ) (-3072 5120 768 ) (-3072 6144 768 ) (-3072 6144 64 ) 
4 94 96 (-3072 6144 64 ) (-3072 6144 3904 ) (-4096 6144 3904 ) (-4096 6144 64 ) 
4 94 95 (-4096 7168 3904 ) (-4096 7168 64 ) (-4096 6144 64 ) (-4096 6144 3904 ) 
4 95 116 (-5120 7168 3904 ) (-5120 7168 64 ) (-5120 6144 64 ) (-5120 6144 3904 ) 
4 95 97 (-4096 6144 64 ) (-4096 6144 3904 ) (-5120 6144 3904 ) (-5120 6144 64 ) 
4 96 112 (-3072 5120 64 ) (-3072 5120 3904 ) (-4096 5120 3904 ) (-4096 5120 64 ) 
4 96 97 (-4096 6144 3904 ) (-4096 6144 64 ) (-4096 5120 64 ) (-4096 5120 3904 ) 
4 97 118 (-5120 5120 64 ) (-5120 5120 3904 ) (-5120 6144 3904 ) (-5120 6144 64 ) 
4 97 113 (-4096 5120 64 ) (-4096 5120 3904 ) (-5120 5120 3904 ) (-5120 5120 64 ) 
4 98 106 (-1024 4096 832 ) (-1024 4096 3904 ) (-2048 4096 3904 ) (-2048 4096 832 ) 
4 98 102 (-2048 5120 3904 ) (-2048 5120 832 ) (-2048 4096 832 ) (-2048 4096 3904 ) 
4 99 107 (-1024 4096 75 ) (-1024 4096 768 ) (-2048 4096 768 ) (-2048 4096 75 ) 
4 99 104 (-2048 5120 768 ) (-2048 5120 75 ) (-2048 4096 75 ) (-2048 4096 768 ) 
4 99 100 (-1344 5120 75 ) (-1024 5120 75 ) (-1024 4800 75 ) (-1344 4800 75 ) 
4 100 101 (-1344 5120 11 ) (-1024 5120 11 ) (-1024 4800 11 ) (-1344 4800 11 ) 
4 102 112 (-3072 5120 3904 ) (-3072 5120 832 ) (-3072 4096 832 ) (-3072 4096 3904 ) 
4 102 108 (-2048 4096 832 ) (-2048 4096 3904 ) (-3072 4096 3904 ) (-3072 4096 832 ) 
4 102 103 (-3072 5120 832 ) (-2432 5120 832 ) (-2432 4096 832 ) (-3072 4096 832 ) 
4 103 112 (-3072 5120 832 ) (-3072 5120 768 ) (-3072 4096 768 ) (-3072 4096 832 ) 
4 103 109 (-2432 4096 832 ) (-3072 4096 832 ) (-3072 4096 768 ) (-2432 4096 768 ) 
4 103 105 (-2432 4096 768 ) (-3072 4096 768 ) (-3072 5120 768 ) (-2432 5120 768 ) 
4 104 110 (-2048 4096 75 ) (-2048 4096 768 ) (-2368 4096 768 ) (-2368 4096 75 ) 
4 105 112 (-3072 5120 768 ) (-3072 5120 64 ) (-3072 4096 64 ) (-3072 4096 768 ) 
4 105 111 (-2432 4096 768 ) (-3072 4096 768 ) (-3072 4096 64 ) (-2432 4096 64 ) 
4 106 192 (-1024 3072 832 ) (-1024 3072 3904 ) (-2048 3072 3904 ) (-2048 3072 832 ) 
4 106 108 (-2048 4096 3904 ) (-2048 4096 832 ) (-2048 3072 832 ) (-2048 3072 3904 ) 
4 107 193 (-1024 3072 75 ) (-1024 3072 768 ) (-2048 3072 768 ) (-2048 3072 75 ) 
4 107 110 (-2048 4096 768 ) (-2048 4096 75 ) (-2048 3072 75 ) (-2048 3072 768 ) 
4 108 194 (-2048 3072 832 ) (-2048 3072 3904 ) (-3072 3072 3904 ) (-3072 3072 832 ) 
4 108 114 (-3072 3072 832 ) (-3072 3072 3904 ) (-3072 4096 3904 ) (-3072 4096 832 ) 
4 108 109 (-2432 3072 832 ) (-3072 3072 832 ) (-3072 4096 832 ) (-2432 4096 832 ) 
4 109 195 (-2432 3072 832 ) (-3072 3072 832 ) (-3072 3072 768 ) (-2432 3072 768 ) 
4 109 114 (-3072 3072 768 ) (-3072 3072 832 ) (-3072 4096 832 ) (-3072 4096 768 ) 
4 109 111 (-2432 3072 768 ) (-3072 3072 768 ) (-3072 4096 768 ) (-2432 4096 768 ) 
4 110 196 (-2048 3072 75 ) (-2048 3072 768 ) (-2368 3072 768 ) (-2368 3072 75 ) 
4 111 197 (-2432 3072 768 ) (-3072 3072 768 ) (-3072 3072 64 ) (-2432 3072 64 ) 
4 111 114 (-3072 3072 64 ) (-3072 3072 768 ) (-3072 4096 768 ) (-3072 4096 64 ) 
4 112 114 (-3072 4096 64 ) (-3072 4096 3904 ) (-4096 4096 3904 ) (-4096 4096 64 ) 
4 112 113 (-4096 5120 3904 ) (-4096 5120 64 ) (-4096 4096 64 ) (-4096 4096 3904 ) 
4 113 122 (-5120 4096 64 ) (-5120 4096 3904 ) (-5120 5120 3904 ) (-5120 5120 64 ) 
4 113 115 (-4096 4096 64 ) (-4096 4096 3904 ) (-5120 4096 3904 ) (-5120 4096 64 ) 
4 114 204 (-3072 3072 64 ) (-3072 3072 3904 ) (-4096 3072 3904 ) (-4096 3072 64 ) 
4 114 115 (-4096 4096 3904 ) (-4096 4096 64 ) (-4096 3072 64 ) (-4096 3072 3904 ) 
4 115 205 (-4096 3072 64 ) (-4096 3072 3904 ) (-5120 3072 3904 ) (-5120 3072 64 ) 
4 115 124 (-5120 3072 64 ) (-5120 3072 3904 ) (-5120 4096 3904 ) (-5120 4096 64 ) 
4 116 118 (-5120 6144 64 ) (-5120 6144 3904 ) (-6144 6144 3904 ) (-6144 6144 64 ) 
4 116 117 (-6144 7168 3904 ) (-6144 7168 64 ) (-6144 6144 64 ) (-6144 6144 3904 ) 
4 117 120 (-7168 7168 3904 ) (-7168 7168 64 ) (-7168 6144 64 ) (-7168 6144 3904 ) 
4 117 119 (-6144 6144 64 ) (-6144 6144 3904 ) (-7168 6144 3904 ) (-7168 6144 64 ) 
4 118 122 (-5120 5120 64 ) (-5120 5120 3904 ) (-6144 5120 3904 ) (-6144 5120 64 ) 
4 118 119 (-6144 6144 3904 ) (-6144 6144 64 ) (-6144 5120 64 ) (-6144 5120 3904 ) 
4 119 123 (-6144 5120 64 ) (-6144 5120 3904 ) (-7168 5120 3904 ) (-7168 5120 64 ) 
4 119 121 (-7168 5120 64 ) (-7168 5120 3904 ) (-7168 6144 3904 ) (-7168 6144 64 ) 
4 120 121 (-7168 6144 64 ) (-7168 6144 3904 ) (-7360 6144 3904 ) (-7360 6144 64 ) 
4 121 126 (-7168 5120 64 ) (-7168 5120 3904 ) (-7360 5120 3904 ) (-7360 5120 64 ) 
4 122 124 (-5120 4096 64 ) (-5120 4096 3904 ) (-6144 4096 3904 ) (-6144 4096 64 ) 
4 122 123 (-6144 5120 3904 ) (-6144 5120 64 ) (-6144 4096 64 ) (-6144 4096 3904 ) 
4 123 126 (-7168 5120 3904 ) (-7168 5120 64 ) (-7168 4096 64 ) (-7168 4096 3904 ) 
4 123 125 (-6144 4096 64 ) (-6144 4096 3904 ) (-7168 4096 3904 ) (-7168 4096 64 ) 
4 124 226 (-5120 3072 64 ) (-5120 3072 3904 ) (-6144 3072 3904 ) (-6144 3072 64 ) 
4 124 125 (-6144 4096 3904 ) (-6144 4096 64 ) (-6144 3072 64 ) (-6144 3072 3904 ) 
4 125 227 (-6144 3072 64 ) (-6144 3072 3904 ) (-7168 3072 3904 ) (-7168 3072 64 ) 
4 125 127 (-7168 3072 64 ) (-7168 3072 3904 ) (-7168 4096 3904 ) (-7168 4096 64 ) 
4 126 127 (-7168 4096 64 ) (-7168 4096 3904 ) (-7360 4096 3904 ) (-7360 4096 64 ) 
4 127 230 (-7168 3072 64 ) (-7168 3072 3904 ) (-7360 3072 3904 ) (-7360 3072 64 ) 
4 128 130 (4736 2048 64 ) (4736 2048 3904 ) (4096 2048 3904 ) (4096 2048 64 ) 
4 128 129 (4096 3072 3904 ) (4096 3072 64 ) (4096 2048 64 ) (4096 2048 3904 ) 
4 129 136 (3072 3072 3904 ) (3072 3072 64 ) (3072 2048 64 ) (3072 2048 3904 ) 
4 129 131 (4096 2048 64 ) (4096 2048 3904 ) (3072 2048 3904 ) (3072 2048 64 ) 
4 130 132 (4736 1024 64 ) (4736 1024 3904 ) (4096 1024 3904 ) (4096 1024 64 ) 
4 130 131 (4096 2048 3904 ) (4096 2048 64 ) (4096 1024 64 ) (4096 1024 3904 ) 
4 131 138 (3072 1024 64 ) (3072 1024 3904 ) (3072 2048 3904 ) (3072 2048 64 ) 
4 131 133 (4096 1024 64 ) (4096 1024 3904 ) (3072 1024 3904 ) (3072 1024 64 ) 
4 132 134 (4736 0 64 ) (4736 0 3904 ) (4096 0 3904 ) (4096 0 64 ) 
4 132 133 (4096 1024 3904 ) (4096 1024 64 ) (4096 0 64 ) (4096 0 3904 ) 
4 133 152 (3072 0 64 ) (3072 0 3904 ) (3072 1024 3904 ) (3072 1024 64 ) 
4 133 135 (4096 0 64 ) (4096 0 3904 ) (3072 0 3904 ) (3072 0 64 ) 
4 134 168 (4736 -1024 64 ) (4736 -1024 3904 ) (4096 -1024 3904 ) (4096 -1024 64 ) 
4 134 135 (4096 0 3904 ) (4096 0 64 ) (4096 -1024 64 ) (4096 -1024 3904 ) 
4 135 169 (4096 -1024 64 ) (4096 -1024 3904 ) (3072 -1024 3904 ) (3072 -1024 64 ) 
4 135 154 (3072 -1024 64 ) (3072 -1024 3904 ) (3072 0 3904 ) (3072 0 64 ) 
4 136 138 (3072 2048 64 ) (3072 2048 3904 ) (2048 2048 3904 ) (2048 2048 64 ) 
4 136 137 (2048 3072 3904 ) (2048 3072 64 ) (2048 2048 64 ) (2048 2048 3904 ) 
4 137 142 (1024 3072 768 ) (1024 3072 64 ) (1024 2048 64 ) (1024 2048 768 ) 
4 137 141 (1024 3072 832 ) (1024 3072 768 ) (1024 2048 768 ) (1024 2048 832 ) 
4 137 140 (1024 3072 3904 ) (1024 3072 832 ) (1024 2048 832 ) (1024 2048 3904 ) 
4 137 139 (2048 2048 64 ) (2048 2048 3904 ) (1024 2048 3904 ) (1024 2048 64 ) 
4 138 152 (3072 1024 64 ) (3072 1024 3904 ) (2048 1024 3904 ) (2048 1024 64 ) 
4 138 139 (2048 2048 3904 ) (2048 2048 64 ) (2048 1024 64 ) (2048 1024 3904 ) 
4 139 153 (2048 1024 64 ) (2048 1024 3904 ) (1024 1024 3904 ) (1024 1024 64 ) 
4 139 148 (1024 1024 64 ) (1024 1024 768 ) (1024 2048 768 ) (1024 2048 64 ) 
4 139 147 (1024 1024 768 ) (1024 1024 832 ) (1024 2048 832 ) (1024 2048 768 ) 
4 139 146 (1024 1024 832 ) (1024 1024 3904 ) (1024 2048 3904 ) (1024 2048 832 ) 
4 140 146 (1024 2048 832 ) (1024 2048 3904 ) (0 2048 3904 ) (0 2048 832 ) 
4 140 144 (0 3072 3904 ) (0 3072 832 ) (0 2048 832 ) (0 2048 3904 ) 
4 140 141 (1024 2048 832 ) (256 2048 832 ) (256 3072 832 ) (1024 3072 832 ) 
4 141 147 (1024 2048 768 ) (1024 2048 832 ) (256 2048 832 ) (256 2048 768 ) 
4 141 142 (256 3072 768 ) (1024 3072 768 ) (1024 2048 768 ) (256 2048 768 ) 
4 142 148 (1024 2048 64 ) (1024 2048 768 ) (256 2048 768 ) (256 2048 64 ) 
4 143 149 (192 2048 768 ) (0 2048 768 ) (0 2048 75 ) (192 2048 75 ) 
4 143 145 (0 3072 768 ) (0 3072 75 ) (0 2048 75 ) (0 2048 768 ) 
4 144 192 (-1024 3072 3904 ) (-1024 3072 832 ) (-1024 2048 832 ) (-1024 2048 3904 ) 
4 144 150 (0 2048 832 ) (0 2048 3904 ) (-1024 2048 3904 ) (-1024 2048 832 ) 
4 145 193 (-1024 3072 768 ) (-1024 3072 75 ) (-1024 2048 75 ) (-1024 2048 768 ) 
4 145 151 (0 2048 75 ) (0 2048 768 ) (-1024 2048 768 ) (-1024 2048 75 ) 
4 146 157 (256 1024 3904 ) (0 1024 3904 ) (0 1024 832 ) (256 1024 832 ) 
4 146 156 (1024 1024 832 ) (1024 1024 3904 ) (256 1024 3904 ) (256 1024 832 ) 
4 146 150 (0 2048 3904 ) (0 2048 832 ) (0 1024 832 ) (0 1024 3904 ) 
4 146 147 (256 2048 832 ) (1024 2048 832 ) (1024 1024 832 ) (256 1024 832 ) 
4 147 156 (1024 1024 768 ) (1024 1024 832 ) (256 1024 832 ) (256 1024 768 ) 
4 147 148 (1024 1024 768 ) (256 1024 768 ) (256 2048 768 ) (1024 2048 768 ) 
4 148 159 (1024 1024 64 ) (1024 1024 768 ) (256 1024 768 ) (256 1024 64 ) 
4 149 151 (0 2048 768 ) (0 2048 75 ) (0 1024 75 ) (0 1024 768 ) 
4 150 198 (-1024 1024 832 ) (-1024 1024 3904 ) (-1024 2048 3904 ) (-1024 2048 832 ) 
4 150 161 (0 1024 832 ) (0 1024 3904 ) (-1024 1024 3904 ) (-1024 1024 832 ) 
4 151 199 (-1024 1024 75 ) (-1024 1024 768 ) (-1024 2048 768 ) (-1024 2048 75 ) 
4 151 164 (-960 1024 768 ) (-1024 1024 768 ) (-1024 1024 75 ) (-960 1024 75 ) 
4 152 154 (3072 0 64 ) (3072 0 3904 ) (2048 0 3904 ) (2048 0 64 ) 
4 152 153 (2048 1024 3904 ) (2048 1024 64 ) (2048 0 64 ) (2048 0 3904 ) 
4 153 159 (1024 1024 768 ) (1024 1024 64 ) (1024 0 64 ) (1024 0 768 ) 
4 153 156 (1024 1024 3904 ) (1024 1024 768 ) (1024 0 768 ) (1024 0 3904 ) 
4 153 155 (2048 0 64 ) (2048 0 3904 ) (1024 0 3904 ) (1024 0 64 ) 
4 154 176 (3072 -1024 64 ) (3072 -1024 3904 ) (2048 -1024 3904 ) (2048 -1024 64 ) 
4 154 155 (2048 0 3904 ) (2048 0 64 ) (2048 -1024 64 ) (2048 -1024 3904 ) 
4 155 177 (2048 -1024 64 ) (2048 -1024 3904 ) (1024 -1024 3904 ) (1024 -1024 64 ) 
4 155 166 (1024 -1024 64 ) (1024 -1024 3904 ) (1024 0 3904 ) (1024 0 64 ) 
4 156 166 (1024 0 768 ) (1024 0 3904 ) (256 0 3904 ) (256 0 768 ) 
4 156 159 (1024 0 768 ) (256 0 768 ) (256 1024 768 ) (1024 1024 768 ) 
4 156 157 (256 960 832 ) (256 960 3904 ) (256 1024 3904 ) (256 1024 832 ) 
4 156 158 (256 960 768 ) (256 0 768 ) (256 0 3904 ) (256 960 3904 ) 
4 157 161 (0 1024 3904 ) (0 1024 832 ) (0 960 832 ) (0 960 3904 ) 
4 157 158 (256 960 832 ) (256 960 3904 ) (0 960 3904 ) (0 960 832 ) 
4 158 166 (256 0 3904 ) (0 0 3904 ) (0 0 768 ) (256 0 768 ) 
4 158 162 (0 960 768 ) (0 0 768 ) (0 0 3904 ) (0 960 3904 ) 
4 158 160 (256 0 768 ) (0 0 768 ) (0 960 768 ) (256 960 768 ) 
4 159 166 (1024 0 64 ) (1024 0 768 ) (256 0 768 ) (256 0 64 ) 
4 159 160 (256 0 768 ) (256 960 768 ) (256 960 64 ) (256 0 64 ) 
4 160 166 (256 0 64 ) (256 0 768 ) (0 0 768 ) (0 0 64 ) 
4 160 163 (0 0 64 ) (0 0 768 ) (0 960 768 ) (0 960 64 ) 
4 161 208 (-1024 960 3904 ) (-1024 1024 3904 ) (-1024 1024 832 ) (-1024 960 832 ) 
4 161 162 (0 960 832 ) (0 960 3904 ) (-1024 960 3904 ) (-1024 960 832 ) 
4 162 209 (-1024 0 768 ) (-1024 0 3904 ) (-1024 960 3904 ) (-1024 960 768 ) 
4 162 167 (0 0 768 ) (0 0 3904 ) (-1024 0 3904 ) (-1024 0 768 ) 
4 162 165 (-960 0 768 ) (-1024 0 768 ) (-1024 960 768 ) (-960 960 768 ) 
4 162 163 (0 960 768 ) (0 0 768 ) (-960 0 768 ) (-960 960 768 ) 
4 163 167 (0 0 64 ) (0 0 768 ) (-960 0 768 ) (-960 0 64 ) 
4 163 165 (-960 0 768 ) (-960 960 768 ) (-960 960 64 ) (-960 0 64 ) 
4 164 210 (-1024 960 768 ) (-1024 1024 768 ) (-1024 1024 75 ) (-1024 960 75 ) 
4 164 165 (-960 960 75 ) (-960 960 768 ) (-1024 960 768 ) (-1024 960 75 ) 
4 165 212 (-1024 0 64 ) (-1024 0 75 ) (-1024 960 75 ) (-1024 960 64 ) 
4 165 210 (-1024 0 75 ) (-1024 0 768 ) (-1024 960 768 ) (-1024 960 75 ) 
4 165 167 (-960 0 64 ) (-960 0 768 ) (-1024 0 768 ) (-1024 0 64 ) 
4 166 180 (1024 -1024 64 ) (1024 -1024 3904 ) (0 -1024 3904 ) (0 -1024 64 ) 
4 166 167 (0 0 3904 ) (0 0 64 ) (0 -1024 64 ) (0 -1024 3904 ) 
4 167 220 (-1024 -1024 64 ) (-1024 -1024 3904 ) (-1024 0 3904 ) (-1024 0 64 ) 
4 167 181 (0 -1024 64 ) (0 -1024 3904 ) (-1024 -1024 3904 ) (-1024 -1024 64 ) 
4 168 170 (4736 -2048 64 ) (4736 -2048 3904 ) (4096 -2048 3904 ) (4096 -2048 64 ) 
4 168 169 (4096 -1024 3904 ) (4096 -1024 64 ) (4096 -2048 64 ) (4096 -2048 3904 ) 
4 169 176 (3072 -1024 3904 ) (3072 -1024 64 ) (3072 -2048 64 ) (3072 -2048 3904 ) 
4 169 171 (4096 -2048 64 ) (4096 -2048 3904 ) (3072 -2048 3904 ) (3072 -2048 64 ) 
4 170 172 (4736 -3072 64 ) (4736 -3072 3904 ) (4096 -3072 3904 ) (4096 -3072 64 ) 
4 170 171 (4096 -2048 3904 ) (4096 -2048 64 ) (4096 -3072 64 ) (4096 -3072 3904 ) 
4 171 178 (3072 -3072 64 ) (3072 -3072 3904 ) (3072 -2048 3904 ) (3072 -2048 64 ) 
4 171 173 (4096 -3072 64 ) (4096 -3072 3904 ) (3072 -3072 3904 ) (3072 -3072 64 ) 
4 172 174 (4736 -4096 64 ) (4736 -4096 3904 ) (4096 -4096 3904 ) (4096 -4096 64 ) 
4 172 173 (4096 -3072 3904 ) (4096 -3072 64 ) (4096 -4096 64 ) (4096 -4096 3904 ) 
4 173 184 (3072 -4096 64 ) (3072 -4096 3904 ) (3072 -3072 3904 ) (3072 -3072 64 ) 
4 173 175 (4096 -4096 64 ) (4096 -4096 3904 ) (3072 -4096 3904 ) (3072 -4096 64 ) 
4 174 175 (4096 -4480 64 ) (4096 -4480 3904 ) (4096 -4096 3904 ) (4096 -4096 64 ) 
4 175 186 (3072 -4480 64 ) (3072 -4480 3904 ) (3072 -4096 3904 ) (3072 -4096 64 ) 
4 176 178 (3072 -2048 64 ) (3072 -2048 3904 ) (2048 -2048 3904 ) (2048 -2048 64 ) 
4 176 177 (2048 -1024 3904 ) (2048 -1024 64 ) (2048 -2048 64 ) (2048 -2048 3904 ) 
4 177 180 (1024 -1024 3904 ) (1024 -1024 64 ) (1024 -2048 64 ) (1024 -2048 3904 ) 
4 177 179 (2048 -2048 64 ) (2048 -2048 3904 ) (1024 -2048 3904 ) (1024 -2048 64 ) 
4 178 184 (3072 -3072 64 ) (3072 -3072 3904 ) (2048 -3072 3904 ) (2048 -3072 64 ) 
4 178 179 (2048 -2048 3904 ) (2048 -2048 64 ) (2048 -3072 64 ) (2048 -3072 3904 ) 
4 179 185 (2048 -3072 64 ) (2048 -3072 3904 ) (1024 -3072 3904 ) (1024 -3072 64 ) 
4 179 182 (1024 -3072 64 ) (1024 -3072 3904 ) (1024 -2048 3904 ) (1024 -2048 64 ) 
4 180 182 (1024 -2048 64 ) (1024 -2048 3904 ) (0 -2048 3904 ) (0 -2048 64 ) 
4 180 181 (0 -1024 3904 ) (0 -1024 64 ) (0 -2048 64 ) (0 -2048 3904 ) 
4 181 238 (-1024 -2048 64 ) (-1024 -2048 3904 ) (-1024 -1024 3904 ) (-1024 -1024 64 ) 
4 181 183 (0 -2048 64 ) (0 -2048 3904 ) (-1024 -2048 3904 ) (-1024 -2048 64 ) 
4 182 188 (1024 -3072 64 ) (1024 -3072 3904 ) (0 -3072 3904 ) (0 -3072 64 ) 
4 182 183 (0 -2048 3904 ) (0 -2048 64 ) (0 -3072 64 ) (0 -3072 3904 ) 
4 183 240 (-1024 -3072 64 ) (-1024 -3072 3904 ) (-1024 -2048 3904 ) (-1024 -2048 64 ) 
4 183 189 (0 -3072 64 ) (0 -3072 3904 ) (-1024 -3072 3904 ) (-1024 -3072 64 ) 
4 184 186 (3072 -4096 64 ) (3072 -4096 3904 ) (2048 -4096 3904 ) (2048 -4096 64 ) 
4 184 185 (2048 -3072 3904 ) (2048 -3072 64 ) (2048 -4096 64 ) (2048 -4096 3904 ) 
4 185 188 (1024 -3072 3904 ) (1024 -3072 64 ) (1024 -4096 64 ) (1024 -4096 3904 ) 
4 185 187 (2048 -4096 64 ) (2048 -4096 3904 ) (1024 -4096 3904 ) (1024 -4096 64 ) 
4 186 187 (2048 -4480 64 ) (2048 -4480 3904 ) (2048 -4096 3904 ) (2048 -4096 64 ) 
4 187 190 (1024 -4480 64 ) (1024 -4480 3904 ) (1024 -4096 3904 ) (1024 -4096 64 ) 
4 188 190 (1024 -4096 64 ) (1024 -4096 3904 ) (0 -4096 3904 ) (0 -4096 64 ) 
4 188 189 (0 -3072 3904 ) (0 -3072 64 ) (0 -4096 64 ) (0 -4096 3904 ) 
4 189 246 (-1024 -4096 64 ) (-1024 -4096 3904 ) (-1024 -3072 3904 ) (-1024 -3072 64 ) 
4 189 191 (0 -4096 64 ) (0 -4096 3904 ) (-1024 -4096 3904 ) (-1024 -4096 64 ) 
4 190 191 (0 -4480 64 ) (0 -4480 3904 ) (0 -4096 3904 ) (0 -4096 64 ) 
4 191 248 (-1024 -4480 64 ) (-1024 -4480 3904 ) (-1024 -4096 3904 ) (-1024 -4096 64 ) 
4 192 198 (-1024 2048 832 ) (-1024 2048 3904 ) (-2048 2048 3904 ) (-2048 2048 832 ) 
4 192 194 (-2048 3072 3904 ) (-2048 3072 832 ) (-2048 2048 832 ) (-2048 2048 3904 ) 
4 193 199 (-1024 2048 75 ) (-1024 2048 768 ) (-2048 2048 768 ) (-2048 2048 75 ) 
4 193 196 (-2048 3072 768 ) (-2048 3072 75 ) (-2048 2048 75 ) (-2048 2048 768 ) 
4 194 204 (-3072 3072 3904 ) (-3072 3072 832 ) (-3072 2048 832 ) (-3072 2048 3904 ) 
4 194 200 (-2048 2048 832 ) (-2048 2048 3904 ) (-3072 2048 3904 ) (-3072 2048 832 ) 
4 194 195 (-3072 3072 832 ) (-2432 3072 832 ) (-2432 2048 832 ) (-3072 2048 832 ) 
4 195 204 (-3072 3072 832 ) (-3072 3072 768 ) (-3072 2048 768 ) (-3072 2048 832 ) 
4 195 201 (-2432 2048 832 ) (-3072 2048 832 ) (-3072 2048 768 ) (-2432 2048 768 ) 
4 195 197 (-2432 2048 768 ) (-3072 2048 768 ) (-3072 3072 768 ) (-2432 3072 768 ) 
4 196 202 (-2048 2048 75 ) (-2048 2048 768 ) (-2368 2048 768 ) (-2368 2048 75 ) 
4 197 204 (-3072 3072 768 ) (-3072 3072 64 ) (-3072 2048 64 ) (-3072 2048 768 ) 
4 197 203 (-2432 2048 768 ) (-3072 2048 768 ) (-3072 2048 64 ) (-2432 2048 64 ) 
4 198 208 (-1024 1024 832 ) (-1024 1024 3904 ) (-2048 1024 3904 ) (-2048 1024 832 ) 
4 198 200 (-2048 2048 3904 ) (-2048 2048 832 ) (-2048 1024 832 ) (-2048 1024 3904 ) 
4 199 210 (-1024 1024 75 ) (-1024 1024 768 ) (-1280 1024 768 ) (-1280 1024 75 ) 
4 199 202 (-2048 2048 768 ) (-2048 2048 75 ) (-2048 1024 75 ) (-2048 1024 768 ) 
4 200 213 (-2048 1024 832 ) (-2048 1024 3904 ) (-2432 1024 3904 ) (-2432 1024 832 ) 
4 200 215 (-2432 1024 3904 ) (-3072 1024 3904 ) (-3072 1024 832 ) (-2432 1024 832 ) 
4 200 206 (-3072 1024 832 ) (-3072 1024 3904 ) (-3072 2048 3904 ) (-3072 2048 832 ) 
4 200 201 (-2432 1024 832 ) (-3072 1024 832 ) (-3072 2048 832 ) (-2432 2048 832 ) 
4 201 215 (-2432 1024 832 ) (-3072 1024 832 ) (-3072 1024 768 ) (-2432 1024 768 ) 
4 201 206 (-3072 1024 768 ) (-3072 1024 832 ) (-3072 2048 832 ) (-3072 2048 768 ) 
4 201 203 (-2432 1024 768 ) (-3072 1024 768 ) (-3072 2048 768 ) (-2432 2048 768 ) 
4 203 219 (-2432 1024 768 ) (-3072 1024 768 ) (-3072 1024 64 ) (-2432 1024 64 ) 
4 203 206 (-3072 1024 64 ) (-3072 1024 768 ) (-3072 2048 768 ) (-3072 2048 64 ) 
4 204 206 (-3072 2048 64 ) (-3072 2048 3904 ) (-4096 2048 3904 ) (-4096 2048 64 ) 
4 204 205 (-4096 3072 3904 ) (-4096 3072 64 ) (-4096 2048 64 ) (-4096 2048 3904 ) 
4 205 226 (-5120 3072 3904 ) (-5120 3072 64 ) (-5120 2048 64 ) (-5120 2048 3904 ) 
4 205 207 (-4096 2048 64 ) (-4096 2048 3904 ) (-5120 2048 3904 ) (-5120 2048 64 ) 
4 206 222 (-3072 1024 64 ) (-3072 1024 3904 ) (-4096 1024 3904 ) (-4096 1024 64 ) 
4 206 207 (-4096 2048 3904 ) (-4096 2048 64 ) (-4096 1024 64 ) (-4096 1024 3904 ) 
4 207 228 (-5120 1024 64 ) (-5120 1024 3904 ) (-5120 2048 3904 ) (-5120 2048 64 ) 
4 207 223 (-4096 1024 64 ) (-4096 1024 3904 ) (-5120 1024 3904 ) (-5120 1024 64 ) 
4 208 213 (-2048 1024 3904 ) (-2048 1024 832 ) (-2048 960 832 ) (-2048 960 3904 ) 
4 208 209 (-1024 960 832 ) (-1024 960 3904 ) (-2048 960 3904 ) (-2048 960 832 ) 
4 209 220 (-1024 0 768 ) (-1024 0 3904 ) (-2048 0 3904 ) (-2048 0 768 ) 
4 209 214 (-2048 960 768 ) (-2048 0 768 ) (-2048 0 3904 ) (-2048 960 3904 ) 
4 209 211 (-1280 0 768 ) (-2048 0 768 ) (-2048 960 768 ) (-1280 960 768 ) 
4 209 210 (-1024 0 768 ) (-1280 0 768 ) (-1280 960 768 ) (-1024 960 768 ) 
4 210 220 (-1024 0 75 ) (-1024 0 768 ) (-1280 0 768 ) (-1280 0 75 ) 
4 210 212 (-1024 960 75 ) (-1024 0 75 ) (-1280 0 75 ) (-1280 960 75 ) 
4 210 211 (-1280 960 75 ) (-1280 0 75 ) (-1280 0 768 ) (-1280 960 768 ) 
4 211 220 (-1280 0 768 ) (-2048 0 768 ) (-2048 0 75 ) (-1280 0 75 ) 
4 211 216 (-2048 960 75 ) (-2048 0 75 ) (-2048 0 768 ) (-2048 960 768 ) 
4 211 212 (-2048 0 75 ) (-2048 960 75 ) (-1280 960 75 ) (-1280 0 75 ) 
4 212 220 (-1024 0 64 ) (-1024 0 75 ) (-2048 0 75 ) (-2048 0 64 ) 
4 212 217 (-2048 960 64 ) (-2048 0 64 ) (-2048 0 75 ) (-2048 960 75 ) 
4 213 214 (-2432 960 3904 ) (-2432 960 832 ) (-2048 960 832 ) (-2048 960 3904 ) 
4 213 215 (-2432 960 832 ) (-2432 960 3904 ) (-2432 1024 3904 ) (-2432 1024 832 ) 
4 214 221 (-2048 0 768 ) (-2048 0 3904 ) (-2432 0 3904 ) (-2432 0 768 ) 
4 214 218 (-2368 0 768 ) (-2432 0 768 ) (-2432 960 768 ) (-2368 960 768 ) 
4 214 216 (-2048 960 768 ) (-2048 0 768 ) (-2368 0 768 ) (-2368 960 768 ) 
4 214 215 (-2432 960 768 ) (-2432 0 768 ) (-2432 0 3904 ) (-2432 960 3904 ) 
4 215 222 (-3072 1024 3904 ) (-3072 1024 768 ) (-3072 0 768 ) (-3072 0 3904 ) 
4 215 221 (-2432 0 3904 ) (-3072 0 3904 ) (-3072 0 768 ) (-2432 0 768 ) 
4 215 219 (-3072 1024 768 ) (-2432 1024 768 ) (-2432 0 768 ) (-3072 0 768 ) 
4 216 221 (-2048 0 75 ) (-2048 0 768 ) (-2368 0 768 ) (-2368 0 75 ) 
4 216 218 (-2368 0 75 ) (-2368 0 768 ) (-2368 960 768 ) (-2368 960 75 ) 
4 216 217 (-2048 0 75 ) (-2368 0 75 ) (-2368 960 75 ) (-2048 960 75 ) 
4 217 221 (-2048 0 64 ) (-2048 0 75 ) (-2368 0 75 ) (-2368 0 64 ) 
4 217 218 (-2368 960 64 ) (-2368 0 64 ) (-2368 0 75 ) (-2368 960 75 ) 
4 218 221 (-2368 0 768 ) (-2432 0 768 ) (-2432 0 64 ) (-2368 0 64 ) 
4 218 219 (-2432 960 64 ) (-2432 0 64 ) (-2432 0 768 ) (-2432 960 768 ) 
4 219 222 (-3072 1024 768 ) (-3072 1024 64 ) (-3072 0 64 ) (-3072 0 768 ) 
4 219 221 (-2432 0 768 ) (-3072 0 768 ) (-3072 0 64 ) (-2432 0 64 ) 
4 220 238 (-1024 -1024 64 ) (-1024 -1024 3904 ) (-2048 -1024 3904 ) (-2048 -1024 64 ) 
4 220 221 (-2048 0 3904 ) (-2048 0 64 ) (-2048 -1024 64 ) (-2048 -1024 3904 ) 
4 221 239 (-2048 -1024 64 ) (-2048 -1024 3904 ) (-3072 -1024 3904 ) (-3072 -1024 64 ) 
4 221 224 (-3072 -1024 64 ) (-3072 -1024 3904 ) (-3072 0 3904 ) (-3072 0 64 ) 
4 222 224 (-3072 0 64 ) (-3072 0 3904 ) (-4096 0 3904 ) (-4096 0 64 ) 
4 222 223 (-4096 1024 3904 ) (-4096 1024 64 ) (-4096 0 64 ) (-4096 0 3904 ) 
4 223 232 (-5120 0 64 ) (-5120 0 3904 ) (-5120 1024 3904 ) (-5120 1024 64 ) 
4 223 225 (-4096 0 64 ) (-4096 0 3904 ) (-5120 0 3904 ) (-5120 0 64 ) 
4 224 242 (-3072 -1024 64 ) (-3072 -1024 3904 ) (-4096 -1024 3904 ) (-4096 -1024 64 ) 
4 224 225 (-4096 0 3904 ) (-4096 0 64 ) (-4096 -1024 64 ) (-4096 -1024 3904 ) 
4 225 243 (-4096 -1024 64 ) (-4096 -1024 3904 ) (-5120 -1024 3904 ) (-5120 -1024 64 ) 
4 225 234 (-5120 -1024 64 ) (-5120 -1024 3904 ) (-5120 0 3904 ) (-5120 0 64 ) 
4 226 228 (-5120 2048 64 ) (-5120 2048 3904 ) (-6144 2048 3904 ) (-6144 2048 64 ) 
4 226 227 (-6144 3072 3904 ) (-6144 3072 64 ) (-6144 2048 64 ) (-6144 2048 3904 ) 
4 227 230 (-7168 3072 3904 ) (-7168 3072 64 ) (-7168 2048 64 ) (-7168 2048 3904 ) 
4 227 229 (-6144 2048 64 ) (-6144 2048 3904 ) (-7168 2048 3904 ) (-7168 2048 64 ) 
4 228 232 (-5120 1024 64 ) (-5120 1024 3904 ) (-6144 1024 3904 ) (-6144 1024 64 ) 
4 228 229 (-6144 2048 3904 ) (-6144 2048 64 ) (-6144 1024 64 ) (-6144 1024 3904 ) 
4 229 233 (-6144 1024 64 ) (-6144 1024 3904 ) (-7168 1024 3904 ) (-7168 1024 64 ) 
4 229 231 (-7168 1024 64 ) (-7168 1024 3904 ) (-7168 2048 3904 ) (-7168 2048 64 ) 
4 230 231 (-7168 2048 64 ) (-7168 2048 3904 ) (-7360 2048 3904 ) (-7360 2048 64 ) 
4 231 236 (-7168 1024 64 ) (-7168 1024 3904 ) (-7360 1024 3904 ) (-7360 1024 64 ) 
4 232 234 (-5120 0 64 ) (-5120 0 3904 ) (-6144 0 3904 ) (-6144 0 64 ) 
4 232 233 (-6144 1024 3904 ) (-6144 1024 64 ) (-6144 0 64 ) (-6144 0 3904 ) 
4 233 236 (-7168 1024 3904 ) (-7168 1024 64 ) (-7168 0 64 ) (-7168 0 3904 ) 
4 233 235 (-6144 0 64 ) (-6144 0 3904 ) (-7168 0 3904 ) (-7168 0 64 ) 
4 234 254 (-5120 -1024 64 ) (-5120 -1024 3904 ) (-6144 -1024 3904 ) (-6144 -1024 64 ) 
4 234 235 (-6144 0 3904 ) (-6144 0 64 ) (-6144 -1024 64 ) (-6144 -1024 3904 ) 
4 235 255 (-6144 -1024 64 ) (-6144 -1024 3904 ) (-7168 -1024 3904 ) (-7168 -1024 64 ) 
4 235 237 (-7168 -1024 64 ) (-7168 -1024 3904 ) (-7168 0 3904 ) (-7168 0 64 ) 
4 236 237 (-7168 0 64 ) (-7168 0 3904 ) (-7360 0 3904 ) (-7360 0 64 ) 
4 237 258 (-7168 -1024 64 ) (-7168 -1024 3904 ) (-7360 -1024 3904 ) (-7360 -1024 64 ) 
4 238 240 (-1024 -2048 64 ) (-1024 -2048 3904 ) (-2048 -2048 3904 ) (-2048 -2048 64 ) 
4 238 239 (-2048 -1024 3904 ) (-2048 -1024 64 ) (-2048 -2048 64 ) (-2048 -2048 3904 ) 
4 239 242 (-3072 -1024 3904 ) (-3072 -1024 64 ) (-3072 -2048 64 ) (-3072 -2048 3904 ) 
4 239 241 (-2048 -2048 64 ) (-2048 -2048 3904 ) (-3072 -2048 3904 ) (-3072 -2048 64 ) 
4 240 246 (-1024 -3072 64 ) (-1024 -3072 3904 ) (-2048 -3072 3904 ) (-2048 -3072 64 ) 
4 240 241 (-2048 -2048 3904 ) (-2048 -2048 64 ) (-2048 -3072 64 ) (-2048 -3072 3904 ) 
4 241 247 (-2048 -3072 64 ) (-2048 -3072 3904 ) (-3072 -3072 3904 ) (-3072 -3072 64 ) 
4 241 244 (-3072 -3072 64 ) (-3072 -3072 3904 ) (-3072 -2048 3904 ) (-3072 -2048 64 ) 
4 242 244 (-3072 -2048 64 ) (-3072 -2048 3904 ) (-4096 -2048 3904 ) (-4096 -2048 64 ) 
4 242 243 (-4096 -1024 3904 ) (-4096 -1024 64 ) (-4096 -2048 64 ) (-4096 -2048 3904 ) 
4 243 254 (-5120 -1024 3904 ) (-5120 -1024 64 ) (-5120 -2048 64 ) (-5120 -2048 3904 ) 
4 243 245 (-4096 -2048 64 ) (-4096 -2048 3904 ) (-5120 -2048 3904 ) (-5120 -2048 64 ) 
4 244 250 (-3072 -3072 64 ) (-3072 -3072 3904 ) (-4096 -3072 3904 ) (-4096 -3072 64 ) 
4 244 245 (-4096 -2048 3904 ) (-4096 -2048 64 ) (-4096 -3072 64 ) (-4096 -3072 3904 ) 
4 245 256 (-5120 -3072 64 ) (-5120 -3072 3904 ) (-5120 -2048 3904 ) (-5120 -2048 64 ) 
4 245 251 (-4096 -3072 64 ) (-4096 -3072 3904 ) (-5120 -3072 3904 ) (-5120 -3072 64 ) 
4 246 248 (-1024 -4096 64 ) (-1024 -4096 3904 ) (-2048 -4096 3904 ) (-2048 -4096 64 ) 
4 246 247 (-2048 -3072 3904 ) (-2048 -3072 64 ) (-2048 -4096 64 ) (-2048 -4096 3904 ) 
4 247 250 (-3072 -3072 3904 ) (-3072 -3072 64 ) (-3072 -4096 64 ) (-3072 -4096 3904 ) 
4 247 249 (-2048 -4096 64 ) (-2048 -4096 3904 ) (-3072 -4096 3904 ) (-3072 -4096 64 ) 
4 248 249 (-2048 -4480 64 ) (-2048 -4480 3904 ) (-2048 -4096 3904 ) (-2048 -4096 64 ) 
4 249 252 (-3072 -4480 64 ) (-3072 -4480 3904 ) (-3072 -4096 3904 ) (-3072 -4096 64 ) 
4 250 252 (-3072 -4096 64 ) (-3072 -4096 3904 ) (-4096 -4096 3904 ) (-4096 -4096 64 ) 
4 250 251 (-4096 -3072 3904 ) (-4096 -3072 64 ) (-4096 -4096 64 ) (-4096 -4096 3904 ) 
4 251 260 (-5120 -4096 64 ) (-5120 -4096 3904 ) (-5120 -3072 3904 ) (-5120 -3072 64 ) 
4 251 253 (-4096 -4096 64 ) (-4096 -4096 3904 ) (-5120 -4096 3904 ) (-5120 -4096 64 ) 
4 252 253 (-4096 -4480 64 ) (-4096 -4480 3904 ) (-4096 -4096 3904 ) (-4096 -4096 64 ) 
4 253 262 (-5120 -4480 64 ) (-5120 -4480 3904 ) (-5120 -4096 3904 ) (-5120 -4096 64 ) 
4 254 256 (-5120 -2048 64 ) (-5120 -2048 3904 ) (-6144 -2048 3904 ) (-6144 -2048 64 ) 
4 254 255 (-6144 -1024 3904 ) (-6144 -1024 64 ) (-6144 -2048 64 ) (-6144 -2048 3904 ) 
4 255 258 (-7168 -1024 3904 ) (-7168 -1024 64 ) (-7168 -2048 64 ) (-7168 -2048 3904 ) 
4 255 257 (-6144 -2048 64 ) (-6144 -2048 3904 ) (-7168 -2048 3904 ) (-7168 -2048 64 ) 
4 256 260 (-5120 -3072 64 ) (-5120 -3072 3904 ) (-6144 -3072 3904 ) (-6144 -3072 64 ) 
4 256 257 (-6144 -2048 3904 ) (-6144 -2048 64 ) (-6144 -3072 64 ) (-6144 -3072 3904 ) 
4 257 261 (-6144 -3072 64 ) (-6144 -3072 3904 ) (-7168 -3072 3904 ) (-7168 -3072 64 ) 
4 257 259 (-7168 -3072 64 ) (-7168 -3072 3904 ) (-7168 -2048 3904 ) (-7168 -2048 64 ) 
4 258 259 (-7168 -2048 64 ) (-7168 -2048 3904 ) (-7360 -2048 3904 ) (-7360 -2048 64 ) 
4 259 264 (-7168 -3072 64 ) (-7168 -3072 3904 ) (-7360 -3072 3904 ) (-7360 -3072 64 ) 
4 260 262 (-5120 -4096 64 ) (-5120 -4096 3904 ) (-6144 -4096 3904 ) (-6144 -4096 64 ) 
4 260 261 (-6144 -3072 3904 ) (-6144 -3072 64 ) (-6144 -4096 64 ) (-6144 -4096 3904 ) 
4 261 264 (-7168 -3072 3904 ) (-7168 -3072 64 ) (-7168 -4096 64 ) (-7168 -4096 3904 ) 
4 261 263 (-6144 -4096 64 ) (-6144 -4096 3904 ) (-7168 -4096 3904 ) (-7168 -4096 64 ) 
4 262 263 (-6144 -4480 64 ) (-6144 -4480 3904 ) (-6144 -4096 3904 ) (-6144 -4096 64 ) 
4 263 265 (-7168 -4480 64 ) (-7168 -4480 3904 ) (-7168 -4096 3904 ) (-7168 -4096 64 ) 
4 264 265 (-7168 -4096 64 ) (-7168 -4096 3904 ) (-7360 -4096 3904 ) (-7360 -4096 64 ) 
