PRT1
97
286
4 0 2 (2368 2048 2151 ) (2048 2048 2151 ) (2048 2048 -2176 ) (2368 2048 -2176 ) 
4 0 1 (2048 2048 -2176 ) (2048 2048 2151 ) (2048 2062 2151 ) (2048 2062 -2176 ) 
4 1 21 (1024 2048 -2176 ) (1024 2048 2151 ) (1024 2062 2151 ) (1024 2062 -2176 ) 
4 1 3 (2048 2048 -2176 ) (2048 2048 2151 ) (1024 2048 2151 ) (1024 2048 -2176 ) 
4 2 5 (2368 1024 2151 ) (2048 1024 2151 ) (2048 1024 -2176 ) (2368 1024 -2176 ) 
4 2 3 (2048 2048 2151 ) (2048 2048 -2176 ) (2048 1024 -2176 ) (2048 1024 2151 ) 
4 3 24 (1024 1024 -2176 ) (1024 1024 2151 ) (1024 2048 2151 ) (1024 2048 -2176 ) 
4 3 12 (2048 1024 -2176 ) (2048 1024 2151 ) (1024 1024 2151 ) (1024 1024 -2176 ) 
4 4 15 (2048 0 2170 ) (2048 0 2151 ) (2368 0 2151 ) (2368 0 2170 ) 
4 4 10 (2048 77 2151 ) (2048 0 2151 ) (2048 0 2170 ) (2048 77 2170 ) 
4 4 5 (2368 0 2151 ) (2048 0 2151 ) (2048 77 2151 ) (2368 77 2151 ) 
4 5 15 (2368 0 2151 ) (2048 0 2151 ) (2048 0 -2176 ) (2368 0 -2176 ) 
4 5 12 (2048 1024 2151 ) (2048 1024 -2176 ) (2048 0 -2176 ) (2048 0 2151 ) 
4 6 29 (1024 190 2662.050293 ) (1024 621 2662.050293 ) (1024 621 2370 ) (1024 190 2370 ) 
4 6 27 (1024 621 2662.050293 ) (1024 630 2662.050293 ) (1024 630 2370 ) (1024 621 2370 ) 
4 6 7 (1457 630 2370 ) (1457 192 2370 ) (1024 192 2370 ) (1024 630 2370 ) 
4 7 30 (1024 192 2370 ) (1024 621 2370 ) (1024 621 2321 ) (1024 192 2321 ) 
4 7 27 (1024 621 2370 ) (1024 630 2370 ) (1024 630 2321 ) (1024 621 2321 ) 
4 7 8 (1024 192 2321 ) (1024 621 2321 ) (1457 621 2321 ) (1457 192 2321 ) 
4 8 30 (1024 192 2321 ) (1024 621 2321 ) (1024 621 2310 ) (1024 192 2310 ) 
4 8 9 (1024 192 2310 ) (1024 621 2310 ) (1456 621 2310 ) (1456 192 2310 ) 
4 9 30 (1024 192 2310 ) (1024 621 2310 ) (1024 621 2151 ) (1024 192 2151 ) 
4 9 12 (1024 192 2151 ) (1024 621 2151 ) (1456 621 2151 ) (1456 192 2151 ) 
4 9 11 (1024 192 2151 ) (1456 192 2151 ) (1456 192 2170 ) (1024 192 2170 ) 
4 10 16 (2048 0 2151 ) (2048 0 2170 ) (1456 0 2170 ) (1456 0 2151 ) 
4 10 12 (2048 0 2151 ) (1456 0 2151 ) (1456 77 2151 ) (2048 77 2151 ) 
4 10 11 (1456 77 2151 ) (1456 0 2151 ) (1456 0 2170 ) (1456 77 2170 ) 
4 11 31 (1024 0 2151 ) (1024 0 2170 ) (1024 192 2170 ) (1024 192 2151 ) 
4 11 16 (1024 0 2170 ) (1024 0 2151 ) (1456 0 2151 ) (1456 0 2170 ) 
4 11 12 (1456 0 2151 ) (1024 0 2151 ) (1024 192 2151 ) (1456 192 2151 ) 
4 12 58 (1024 0 -2176 ) (1024 0 0 ) (1024 448 0 ) (1024 448 -2176 ) 
4 12 55 (1024 0 0 ) (1024 0 64 ) (1024 448 64 ) (1024 448 0 ) 
4 12 46 (1024 0 64 ) (1024 0 320 ) (1024 310 320 ) (1024 310 64 ) 
4 12 41 (1024 310 320 ) (1024 446 320 ) (1024 446 64 ) (1024 310 64 ) 
4 12 37 (1024 446 320 ) (1024 448 320 ) (1024 448 64 ) (1024 446 64 ) 
4 12 36 (1024 1024 0 ) (1024 1024 -2176 ) (1024 448 -2176 ) (1024 448 0 ) 
4 12 34 (1024 448 320 ) (1024 1024 320 ) (1024 1024 0 ) (1024 448 0 ) 
4 12 31 (1024 0 320 ) (1024 0 2151 ) (1024 192 2151 ) (1024 192 320 ) 
4 12 30 (1024 192 2151 ) (1024 621 2151 ) (1024 621 320 ) (1024 192 320 ) 
4 12 28 (1024 621 2151 ) (1024 1024 2151 ) (1024 1024 320 ) (1024 621 320 ) 
4 12 16 (2048 0 -2176 ) (2048 0 2151 ) (1024 0 2151 ) (1024 0 -2176 ) 
4 15 17 (2368 -1024 -2176 ) (2368 -1024 2170 ) (2048 -1024 2170 ) (2048 -1024 -2176 ) 
4 15 16 (2048 0 2170 ) (2048 0 -2176 ) (2048 -1024 -2176 ) (2048 -1024 2170 ) 
4 16 83 (1024 -1024 -2176 ) (1024 -1024 0 ) (1024 -704 0 ) (1024 -704 -2176 ) 
4 16 81 (1024 -1024 0 ) (1024 -1024 320 ) (1024 -704 320 ) (1024 -704 0 ) 
4 16 78 (1024 0 65 ) (1024 0 -2176 ) (1024 -704 -2176 ) (1024 -704 65 ) 
4 16 71 (1024 -704 320 ) (1024 0 320 ) (1024 0 65 ) (1024 -704 65 ) 
4 16 70 (1024 -1024 320 ) (1024 -1024 2170 ) (1024 0 2170 ) (1024 0 320 ) 
4 16 18 (2048 -1024 -2176 ) (2048 -1024 2170 ) (1024 -1024 2170 ) (1024 -1024 -2176 ) 
4 17 19 (2368 -2048 -2176 ) (2368 -2048 2170 ) (2048 -2048 2170 ) (2048 -2048 -2176 ) 
4 17 18 (2048 -1024 2170 ) (2048 -1024 -2176 ) (2048 -2048 -2176 ) (2048 -2048 2170 ) 
4 18 90 (1024 -2048 -2176 ) (1024 -2048 2170 ) (1024 -1024 2170 ) (1024 -1024 -2176 ) 
4 18 20 (2048 -2048 -2176 ) (2048 -2048 2170 ) (1024 -2048 2170 ) (1024 -2048 -2176 ) 
4 19 20 (2048 -2048 2170 ) (2048 -2048 -2176 ) (2048 -2240 -2176 ) (2048 -2240 2170 ) 
4 20 92 (1024 -2240 2170 ) (1024 -2048 2170 ) (1024 -2048 -2176 ) (1024 -2240 -2176 ) 
4 21 24 (1024 2048 -2176 ) (1024 2048 2151 ) (993 2048 2151 ) (993 2048 -2176 ) 
4 21 22 (993 2062 -2176 ) (993 2048 -2176 ) (993 2048 2146 ) (993 2062 2146 ) 
4 22 25 (0 2048 2146 ) (0 2048 -2176 ) (993 2048 -2176 ) (993 2048 2146 ) 
4 22 23 (0 2048 -2176 ) (0 2048 2146 ) (0 2062 2146 ) (0 2062 -2176 ) 
4 23 66 (-1024 2048 -2176 ) (-1024 2048 2146 ) (-1024 2062 2146 ) (-1024 2062 -2176 ) 
4 23 26 (0 2048 -2176 ) (0 2048 2146 ) (-1024 2048 2146 ) (-1024 2048 -2176 ) 
4 24 36 (1024 1024 -2176 ) (1024 1024 0 ) (993 1024 0 ) (993 1024 -2176 ) 
4 24 34 (1024 1024 0 ) (1024 1024 320 ) (993 1024 320 ) (993 1024 0 ) 
4 24 28 (1024 1024 320 ) (1024 1024 2151 ) (993 1024 2151 ) (993 1024 320 ) 
4 24 25 (993 2048 2146 ) (993 2048 -2176 ) (993 1024 -2176 ) (993 1024 2146 ) 
4 25 36 (993 1024 -2176 ) (993 1024 0 ) (0 1024 0 ) (0 1024 -2176 ) 
4 25 35 (729 1024 320 ) (0 1024 320 ) (0 1024 0 ) (729 1024 0 ) 
4 25 34 (993 1024 0 ) (993 1024 320 ) (729 1024 320 ) (729 1024 0 ) 
4 25 33 (993 1024 320 ) (993 1024 2146 ) (0 1024 2146 ) (0 1024 320 ) 
4 25 26 (0 1024 -2176 ) (0 1024 2146 ) (0 2048 2146 ) (0 2048 -2176 ) 
4 26 67 (-1024 1024 -2176 ) (-1024 1024 2146 ) (-1024 2048 2146 ) (-1024 2048 -2176 ) 
4 26 65 (-1024 1024 0 ) (-1024 1024 -2176 ) (0 1024 -2176 ) (0 1024 0 ) 
4 26 61 (-256 1024 0 ) (0 1024 0 ) (0 1024 320 ) (-256 1024 320 ) 
4 26 62 (-1024 1024 320 ) (-1024 1024 0 ) (-256 1024 0 ) (-256 1024 320 ) 
4 26 59 (-1024 1024 2146 ) (-1024 1024 320 ) (0 1024 320 ) (0 1024 2146 ) 
4 27 30 (993 621 2370 ) (993 621 2321 ) (1024 621 2321 ) (1024 621 2370 ) 
4 27 29 (993 621 2662.050293 ) (993 621 2370 ) (1024 621 2370 ) (1024 621 2662.050293 ) 
4 28 34 (993 1024 320 ) (1024 1024 320 ) (1024 621 320 ) (993 621 320 ) 
4 28 33 (993 1024 320 ) (993 621 320 ) (993 621 2146 ) (993 1024 2146 ) 
4 28 30 (993 621 2151 ) (993 621 320 ) (1024 621 320 ) (1024 621 2151 ) 
4 29 30 (993 192 2370 ) (993 621 2370 ) (1024 621 2370 ) (1024 192 2370 ) 
4 30 46 (1024 310 320 ) (1024 192 320 ) (993 192 320 ) (993 310 320 ) 
4 30 41 (1024 446 320 ) (1024 310 320 ) (993 310 320 ) (993 446 320 ) 
4 30 37 (1024 448 320 ) (1024 446 320 ) (993 446 320 ) (993 448 320 ) 
4 30 34 (1024 621 320 ) (1024 448 320 ) (993 448 320 ) (993 621 320 ) 
4 30 33 (993 621 320 ) (993 192 320 ) (993 192 2146 ) (993 621 2146 ) 
4 30 31 (993 192 2170 ) (993 192 320 ) (1024 192 320 ) (1024 192 2170 ) 
4 31 70 (1024 0 320 ) (1024 0 2170 ) (993 0 2170 ) (993 0 320 ) 
4 31 46 (1024 192 320 ) (1024 0 320 ) (993 0 320 ) (993 192 320 ) 
4 31 32 (993 0 2146 ) (993 0 2170 ) (993 161 2170 ) (993 161 2146 ) 
4 31 33 (993 192 320 ) (993 0 320 ) (993 0 2146 ) (993 192 2146 ) 
4 32 70 (0 0 2170 ) (0 0 2146 ) (993 0 2146 ) (993 0 2170 ) 
4 32 60 (0 161 2146 ) (0 0 2146 ) (0 0 2170 ) (0 161 2170 ) 
4 32 33 (0 0 2146 ) (0 161 2146 ) (993 161 2146 ) (993 0 2146 ) 
4 33 70 (0 0 2146 ) (0 0 320 ) (993 0 320 ) (993 0 2146 ) 
4 33 60 (0 161 320 ) (0 0 320 ) (0 0 2146 ) (0 161 2146 ) 
4 33 59 (0 1024 2146 ) (0 1024 320 ) (0 161 320 ) (0 161 2146 ) 
4 33 54 (640 0 320 ) (0 0 320 ) (0 448 320 ) (640 448 320 ) 
4 33 46 (993 310 320 ) (993 0 320 ) (766 0 320 ) (766 310 320 ) 
4 33 43 (737 311 320 ) (737 313 320 ) (761 313 320 ) (761 311 320 ) 
4 33 42 (737 313 320 ) (737 446 320 ) (761 446 320 ) (761 313 320 ) 
4 33 44 (761 310 320 ) (737 310 320 ) (737 311 320 ) (761 311 320 ) 
4 33 41 (993 446 320 ) (993 310 320 ) (761 310 320 ) (761 446 320 ) 
4 33 45 (737 310 320 ) (729 310 320 ) (729 446 320 ) (737 446 320 ) 
4 33 38 (762 446 320 ) (738 446 320 ) (738 448 320 ) (762 448 320 ) 
4 33 37 (993 448 320 ) (993 446 320 ) (762 446 320 ) (762 448 320 ) 
4 33 40 (738 446 320 ) (729 446 320 ) (729 448 320 ) (738 448 320 ) 
4 33 35 (0 1024 320 ) (729 1024 320 ) (729 512 320 ) (0 512 320 ) 
4 33 34 (729 1024 320 ) (993 1024 320 ) (993 448 320 ) (729 448 320 ) 
4 34 57 (769 448 64 ) (768 448 64 ) (768 448 0 ) (769 448 0 ) 
4 34 55 (1024 448 0 ) (1024 448 64 ) (939 448 64 ) (939 448 0 ) 
4 34 38 (762 448 320 ) (738 448 320 ) (738 448 190 ) (762 448 190 ) 
4 34 39 (738 448 65 ) (738 448 64 ) (762 448 64 ) (762 448 65 ) 
4 34 37 (1024 448 64 ) (1024 448 320 ) (762 448 320 ) (762 448 64 ) 
4 34 40 (738 448 320 ) (729 448 320 ) (729 448 64 ) (738 448 64 ) 
4 34 36 (1024 448 0 ) (729 448 0 ) (729 1024 0 ) (1024 1024 0 ) 
4 34 35 (729 1024 0 ) (729 512 0 ) (729 512 320 ) (729 1024 320 ) 
4 35 61 (0 1024 320 ) (0 1024 0 ) (0 512 0 ) (0 512 320 ) 
4 35 36 (0 512 0 ) (0 1024 0 ) (729 1024 0 ) (729 512 0 ) 
4 36 65 (0 1024 0 ) (0 1024 -2176 ) (0 448 -2176 ) (0 448 0 ) 
4 36 58 (1024 448 -2176 ) (1024 448 0 ) (0 448 0 ) (0 448 -2176 ) 
4 37 57 (768 448 64 ) (769 448 64 ) (769 446 64 ) (768 446 64 ) 
4 37 55 (939 448 64 ) (1024 448 64 ) (1024 446 64 ) (939 446 64 ) 
4 37 41 (762 446 64 ) (1024 446 64 ) (1024 446 320 ) (762 446 320 ) 
4 37 38 (762 448 320 ) (762 448 190 ) (762 446 190 ) (762 446 320 ) 
4 37 39 (762 448 65 ) (762 448 64 ) (762 446 64 ) (762 446 65 ) 
4 38 42 (761 446 320 ) (738 446 320 ) (738 446 190 ) (761 446 190 ) 
4 38 41 (762 446 190 ) (762 446 320 ) (761 446 320 ) (761 446 190 ) 
4 38 40 (738 448 320 ) (738 448 190 ) (738 446 190 ) (738 446 320 ) 
4 39 42 (738 446 64 ) (761 446 64 ) (761 446 65 ) (738 446 65 ) 
4 39 41 (761 446 64 ) (762 446 64 ) (762 446 65 ) (761 446 65 ) 
4 39 40 (738 448 65 ) (738 448 64 ) (738 446 64 ) (738 446 65 ) 
4 40 48 (729 448 215 ) (729 448 64 ) (729 446 64 ) (729 446 215 ) 
4 40 42 (737 446 64 ) (738 446 64 ) (738 446 320 ) (737 446 320 ) 
4 40 45 (729 446 320 ) (729 446 64 ) (737 446 64 ) (737 446 320 ) 
4 41 57 (769 310 64 ) (768 310 64 ) (768 446 64 ) (769 446 64 ) 
4 41 56 (939 310 64 ) (769 310 64 ) (769 320 64 ) (939 320 64 ) 
4 41 55 (1024 446 64 ) (1024 310 64 ) (939 310 64 ) (939 446 64 ) 
4 41 47 (761 310 64 ) (766 310 64 ) (766 310 65 ) (761 310 65 ) 
4 41 46 (766 310 64 ) (1024 310 64 ) (1024 310 320 ) (766 310 320 ) 
4 41 43 (761 311 189 ) (761 311 320 ) (761 313 320 ) (761 313 189 ) 
4 41 42 (761 446 320 ) (761 446 64 ) (761 313 64 ) (761 313 320 ) 
4 41 44 (761 311 64 ) (761 310 64 ) (761 310 320 ) (761 311 320 ) 
4 42 43 (737 313 320 ) (737 313 189 ) (761 313 189 ) (761 313 320 ) 
4 42 45 (737 446 320 ) (737 446 64 ) (737 313 64 ) (737 313 320 ) 
4 43 45 (737 311 189 ) (737 311 320 ) (737 313 320 ) (737 313 189 ) 
4 43 44 (737 311 320 ) (737 311 189 ) (761 311 189 ) (761 311 320 ) 
4 44 47 (737 310 64 ) (761 310 64 ) (761 310 65 ) (737 310 65 ) 
4 44 45 (737 311 64 ) (737 310 64 ) (737 310 320 ) (737 311 320 ) 
4 45 51 (729 328 64 ) (729 310 64 ) (729 310 65 ) (729 328 65 ) 
4 45 48 (729 446 64 ) (729 328 64 ) (729 328 215 ) (729 446 215 ) 
4 45 47 (729 310 65 ) (729 310 64 ) (737 310 64 ) (737 310 65 ) 
4 46 79 (768 0 65 ) (766 0 65 ) (766 0 64 ) (768 0 64 ) 
4 46 78 (1024 0 64 ) (1024 0 65 ) (768 0 65 ) (768 0 64 ) 
4 46 71 (1024 0 65 ) (1024 0 320 ) (766 0 320 ) (766 0 65 ) 
4 46 57 (769 0 64 ) (768 0 64 ) (768 310 64 ) (769 310 64 ) 
4 46 56 (939 0 64 ) (769 0 64 ) (769 310 64 ) (939 310 64 ) 
4 46 55 (1024 310 64 ) (1024 0 64 ) (939 0 64 ) (939 310 64 ) 
4 46 47 (766 310 65 ) (766 310 64 ) (766 0 64 ) (766 0 65 ) 
4 47 79 (729 0 65 ) (729 0 64 ) (766 0 64 ) (766 0 65 ) 
4 47 51 (729 310 64 ) (729 0 64 ) (729 0 65 ) (729 310 65 ) 
4 48 51 (708 328 64 ) (729 328 64 ) (729 328 65 ) (708 328 65 ) 
4 48 49 (708 428.600037 64 ) (708 340.399994 64 ) (708 340.399994 192 ) (708 428.600037 192 ) 
4 49 50 (700 428.600037 64 ) (700 340.399994 64 ) (700 340.399994 192 ) (700 428.600037 192 ) 
4 50 53 (640 328 65 ) (640 328 64 ) (700 328 64 ) (700 328 65 ) 
4 50 54 (640 448 215 ) (640 448 64 ) (640 328 64 ) (640 328 215 ) 
4 51 79 (708 0 65 ) (708 0 64 ) (729 0 64 ) (729 0 65 ) 
4 51 52 (708 311 64 ) (708 0 64 ) (708 0 65 ) (708 311 65 ) 
4 52 79 (700 0 65 ) (700 0 64 ) (708 0 64 ) (708 0 65 ) 
4 52 53 (700 311 64 ) (700 0 64 ) (700 0 65 ) (700 311 65 ) 
4 53 79 (640 0 65 ) (640 0 64 ) (700 0 64 ) (700 0 65 ) 
4 53 54 (640 328 64 ) (640 0 64 ) (640 0 65 ) (640 328 65 ) 
4 54 79 (0 0 65 ) (0 0 64 ) (640 0 64 ) (640 0 65 ) 
4 54 73 (64 0 320 ) (49 0 320 ) (49 0 65 ) (64 0 65 ) 
4 54 77 (49 0 320 ) (0 0 320 ) (0 0 65 ) (49 0 65 ) 
4 54 72 (640 0 320 ) (64 0 320 ) (64 0 65 ) (640 0 65 ) 
4 54 63 (0 0 64 ) (0 0 320 ) (0 448 320 ) (0 448 64 ) 
4 55 78 (1024 0 0 ) (1024 0 64 ) (939 0 64 ) (939 0 0 ) 
4 55 58 (1024 0 0 ) (939 0 0 ) (939 448 0 ) (1024 448 0 ) 
4 55 56 (939 320 0 ) (939 0 0 ) (939 0 64 ) (939 320 64 ) 
4 56 78 (939 0 64 ) (769 0 64 ) (769 0 0 ) (939 0 0 ) 
4 56 58 (939 0 0 ) (769 0 0 ) (769 320 0 ) (939 320 0 ) 
4 56 57 (769 320 0 ) (769 0 0 ) (769 0 64 ) (769 320 64 ) 
4 57 78 (769 0 64 ) (768 0 64 ) (768 0 0 ) (769 0 0 ) 
4 57 58 (769 0 0 ) (768 0 0 ) (768 448 0 ) (769 448 0 ) 
4 58 80 (768 0 0 ) (0 0 0 ) (0 0 -2176 ) (768 0 -2176 ) 
4 58 78 (1024 0 -2176 ) (1024 0 0 ) (768 0 0 ) (768 0 -2176 ) 
4 58 65 (0 0 -2176 ) (0 0 0 ) (0 448 0 ) (0 448 -2176 ) 
4 59 69 (-1024 1024 2146 ) (-1024 1024 320 ) (-1024 161 320 ) (-1024 161 2146 ) 
4 59 64 (-1024 161 320 ) (-1024 448 320 ) (-256 448 320 ) (-256 161 320 ) 
4 59 63 (-192 448 320 ) (0 448 320 ) (0 161 320 ) (-192 161 320 ) 
4 59 61 (-256 1024 320 ) (0 1024 320 ) (0 512 320 ) (-256 512 320 ) 
4 59 62 (-1024 448 320 ) (-1024 1024 320 ) (-256 1024 320 ) (-256 448 320 ) 
4 59 60 (-1024 161 2146 ) (-1024 161 320 ) (0 161 320 ) (0 161 2146 ) 
4 60 84 (0 0 320 ) (0 0 2170 ) (-1024 0 2170 ) (-1024 0 320 ) 
4 60 69 (-1024 0 320 ) (-1024 0 2146 ) (-1024 161 2146 ) (-1024 161 320 ) 
4 60 68 (-1024 0 2146 ) (-1024 0 2170 ) (-1024 161 2170 ) (-1024 161 2146 ) 
4 60 64 (-256 0 320 ) (-1024 0 320 ) (-1024 161 320 ) (-256 161 320 ) 
4 60 63 (0 0 320 ) (-192 0 320 ) (-192 161 320 ) (0 161 320 ) 
4 61 65 (-256 1024 0 ) (0 1024 0 ) (0 512 0 ) (-256 512 0 ) 
4 61 62 (-256 1024 0 ) (-256 512 0 ) (-256 512 320 ) (-256 1024 320 ) 
4 62 69 (-1024 448 320 ) (-1024 1024 320 ) (-1024 1024 0 ) (-1024 448 0 ) 
4 62 65 (-1024 448 0 ) (-1024 1024 0 ) (-256 1024 0 ) (-256 448 0 ) 
4 62 64 (-1024 448 0 ) (-256 448 0 ) (-256 448 320 ) (-1024 448 320 ) 
4 63 85 (0 0 64 ) (0 0 320 ) (-192 0 320 ) (-192 0 64 ) 
4 64 86 (-256 0 320 ) (-1024 0 320 ) (-1024 0 0 ) (-256 0 0 ) 
4 64 69 (-1024 0 0 ) (-1024 0 320 ) (-1024 448 320 ) (-1024 448 0 ) 
4 64 65 (-1024 0 0 ) (-1024 448 0 ) (-256 448 0 ) (-256 0 0 ) 
4 65 89 (0 0 -2176 ) (0 0 0 ) (-1024 0 0 ) (-1024 0 -2176 ) 
4 65 69 (-1024 0 -2176 ) (-1024 0 0 ) (-1024 1024 0 ) (-1024 1024 -2176 ) 
4 66 67 (-1024 2048 -2176 ) (-1024 2048 2146 ) (-1864 2048 2146 ) (-1864 2048 -2176 ) 
4 67 69 (-1024 1024 -2176 ) (-1024 1024 2146 ) (-1864 1024 2146 ) (-1864 1024 -2176 ) 
4 68 94 (-1024 0 2146 ) (-1024 0 2170 ) (-1864 0 2170 ) (-1864 0 2146 ) 
4 68 69 (-1024 161 2146 ) (-1024 0 2146 ) (-1864 0 2146 ) (-1864 161 2146 ) 
4 69 94 (-1024 0 -2176 ) (-1024 0 2146 ) (-1864 0 2146 ) (-1864 0 -2176 ) 
4 70 90 (1024 -1024 320 ) (1024 -1024 2170 ) (0 -1024 2170 ) (0 -1024 320 ) 
4 70 84 (0 -1024 320 ) (0 -1024 2170 ) (0 0 2170 ) (0 0 320 ) 
4 70 82 (768 -1024 320 ) (0 -1024 320 ) (0 -768 320 ) (768 -768 320 ) 
4 70 81 (1024 -1024 320 ) (768 -1024 320 ) (768 -704 320 ) (1024 -704 320 ) 
4 70 74 (64 -128 320 ) (64 -317 320 ) (49 -317 320 ) (49 -128 320 ) 
4 70 73 (49 0 320 ) (64 0 320 ) (64 -128 320 ) (49 -128 320 ) 
4 70 76 (64 -317 320 ) (64 -704 320 ) (49 -704 320 ) (49 -317 320 ) 
4 70 77 (0 -704 320 ) (0 0 320 ) (49 0 320 ) (49 -704 320 ) 
4 70 72 (64 0 320 ) (640 0 320 ) (640 -704 320 ) (64 -704 320 ) 
4 70 71 (766 0 320 ) (1024 0 320 ) (1024 -704 320 ) (766 -704 320 ) 
4 71 81 (1024 -704 65 ) (1024 -704 320 ) (768 -704 320 ) (768 -704 65 ) 
4 71 79 (768 -704 65 ) (766 -704 65 ) (766 0 65 ) (768 0 65 ) 
4 71 78 (1024 -704 65 ) (768 -704 65 ) (768 0 65 ) (1024 0 65 ) 
4 72 79 (640 -704 65 ) (64 -704 65 ) (64 0 65 ) (640 0 65 ) 
4 72 74 (64 -317 192 ) (64 -317 320 ) (64 -128 320 ) (64 -128 192 ) 
4 72 75 (64 -128 65 ) (64 -317 65 ) (64 -317 66.158203 ) (64 -128 66.158203 ) 
4 72 73 (64 0 65 ) (64 -128 65 ) (64 -128 320 ) (64 0 320 ) 
4 72 76 (64 -317 65 ) (64 -704 65 ) (64 -704 320 ) (64 -317 320 ) 
4 73 79 (49 -128 65 ) (49 0 65 ) (64 0 65 ) (64 -128 65 ) 
4 73 74 (49 -128 320 ) (49 -128 192 ) (64 -128 192 ) (64 -128 320 ) 
4 73 75 (49 -128 66.158203 ) (49 -128 65 ) (64 -128 65 ) (64 -128 66.158203 ) 
4 73 77 (49 0 65 ) (49 -128 65 ) (49 -128 320 ) (49 0 320 ) 
4 74 76 (49 -317 320 ) (49 -317 192 ) (64 -317 192 ) (64 -317 320 ) 
4 74 77 (49 -317 192 ) (49 -317 320 ) (49 -128 320 ) (49 -128 192 ) 
4 75 79 (49 -317 65 ) (49 -128 65 ) (64 -128 65 ) (64 -317 65 ) 
4 75 77 (49 -128 65 ) (49 -317 65 ) (49 -317 66.158203 ) (49 -128 66.158203 ) 
4 75 76 (49 -317 66.158203 ) (49 -317 65 ) (64 -317 65 ) (64 -317 66.158203 ) 
4 76 79 (64 -704 65 ) (49 -704 65 ) (49 -317 65 ) (64 -317 65 ) 
4 76 77 (49 -317 65 ) (49 -704 65 ) (49 -704 320 ) (49 -317 320 ) 
4 77 85 (0 -704 65 ) (0 -704 320 ) (0 0 320 ) (0 0 65 ) 
4 77 79 (49 -704 65 ) (0 -704 65 ) (0 0 65 ) (49 0 65 ) 
4 78 83 (1024 -704 -2176 ) (1024 -704 0 ) (768 -704 0 ) (768 -704 -2176 ) 
4 78 81 (1024 -704 0 ) (1024 -704 65 ) (768 -704 65 ) (768 -704 0 ) 
4 78 79 (768 -704 64 ) (768 -704 65 ) (768 0 65 ) (768 0 64 ) 
4 78 80 (768 0 -2176 ) (768 -704 -2176 ) (768 -704 0 ) (768 0 0 ) 
4 79 85 (0 -704 64 ) (0 -704 65 ) (0 0 65 ) (0 0 64 ) 
4 80 89 (0 -704 -2176 ) (0 -704 0 ) (0 0 0 ) (0 0 -2176 ) 
4 80 83 (0 -704 0 ) (0 -704 -2176 ) (768 -704 -2176 ) (768 -704 0 ) 
4 81 90 (1024 -1024 0 ) (1024 -1024 320 ) (768 -1024 320 ) (768 -1024 0 ) 
4 81 83 (1024 -1024 0 ) (768 -1024 0 ) (768 -704 0 ) (1024 -704 0 ) 
4 81 82 (768 -768 0 ) (768 -1024 0 ) (768 -1024 320 ) (768 -768 320 ) 
4 82 90 (768 -1024 320 ) (0 -1024 320 ) (0 -1024 0 ) (768 -1024 0 ) 
4 82 87 (0 -1024 0 ) (0 -1024 320 ) (0 -768 320 ) (0 -768 0 ) 
4 82 83 (768 -1024 0 ) (0 -1024 0 ) (0 -768 0 ) (768 -768 0 ) 
4 83 90 (1024 -1024 -2176 ) (1024 -1024 0 ) (0 -1024 0 ) (0 -1024 -2176 ) 
4 83 89 (0 -1024 -2176 ) (0 -1024 0 ) (0 -704 0 ) (0 -704 -2176 ) 
4 84 94 (-1024 0 2170 ) (-1024 0 320 ) (-1024 -1024 320 ) (-1024 -1024 2170 ) 
4 84 91 (-1024 -1024 2170 ) (-1024 -1024 320 ) (0 -1024 320 ) (0 -1024 2170 ) 
4 84 87 (0 -1024 320 ) (-256 -1024 320 ) (-256 -768 320 ) (0 -768 320 ) 
4 84 88 (-256 -1024 320 ) (-1024 -1024 320 ) (-1024 -704 320 ) (-256 -704 320 ) 
4 84 86 (-1024 -704 320 ) (-1024 0 320 ) (-256 0 320 ) (-256 -704 320 ) 
4 84 85 (-192 0 320 ) (0 0 320 ) (0 -704 320 ) (-192 -704 320 ) 
4 86 94 (-1024 0 320 ) (-1024 0 0 ) (-1024 -704 0 ) (-1024 -704 320 ) 
4 86 89 (-256 -704 0 ) (-1024 -704 0 ) (-1024 0 0 ) (-256 0 0 ) 
4 86 88 (-1024 -704 0 ) (-256 -704 0 ) (-256 -704 320 ) (-1024 -704 320 ) 
4 87 91 (-256 -1024 0 ) (0 -1024 0 ) (0 -1024 320 ) (-256 -1024 320 ) 
4 87 89 (0 -768 0 ) (0 -1024 0 ) (-256 -1024 0 ) (-256 -768 0 ) 
4 87 88 (-256 -768 0 ) (-256 -1024 0 ) (-256 -1024 320 ) (-256 -768 320 ) 
4 88 94 (-1024 -704 0 ) (-1024 -1024 0 ) (-1024 -1024 320 ) (-1024 -704 320 ) 
4 88 91 (-1024 -1024 320 ) (-1024 -1024 0 ) (-256 -1024 0 ) (-256 -1024 320 ) 
4 88 89 (-256 -1024 0 ) (-1024 -1024 0 ) (-1024 -704 0 ) (-256 -704 0 ) 
4 89 94 (-1024 0 0 ) (-1024 0 -2176 ) (-1024 -1024 -2176 ) (-1024 -1024 0 ) 
4 89 91 (-1024 -1024 0 ) (-1024 -1024 -2176 ) (0 -1024 -2176 ) (0 -1024 0 ) 
4 90 92 (1024 -2048 -2176 ) (1024 -2048 2170 ) (0 -2048 2170 ) (0 -2048 -2176 ) 
4 90 91 (0 -1024 2170 ) (0 -1024 -2176 ) (0 -2048 -2176 ) (0 -2048 2170 ) 
4 91 95 (-1024 -2048 -2176 ) (-1024 -2048 2170 ) (-1024 -1024 2170 ) (-1024 -1024 -2176 ) 
4 91 93 (0 -2048 -2176 ) (0 -2048 2170 ) (-1024 -2048 2170 ) (-1024 -2048 -2176 ) 
4 92 93 (0 -2240 2170 ) (0 -2048 2170 ) (0 -2048 -2176 ) (0 -2240 -2176 ) 
4 93 96 (-1024 -2240 2170 ) (-1024 -2048 2170 ) (-1024 -2048 -2176 ) (-1024 -2240 -2176 ) 
4 94 95 (-1024 -1024 -2176 ) (-1024 -1024 2170 ) (-1864 -1024 2170 ) (-1864 -1024 -2176 ) 
4 95 96 (-1024 -2048 -2176 ) (-1024 -2048 2170 ) (-1864 -2048 2170 ) (-1864 -2048 -2176 ) 
